<?xml version="1.0" encoding="UTF-8"?>
<robot generator="Rebot 6.0.2 (Python 3.11.3 on darwin)" generated="20230516 17:24:21.591" rpa="false" schemaversion="3">
<suite id="s1" name="Test Cases" source="/Users/mtb730889/Project/poc-robot-structure/test_cases">
<suite id="s1-s1" name="Example" source="/Users/mtb730889/Project/poc-robot-structure/test_cases/example.robot">
<test id="s1-s1-t1" name="TC_001 Success - Open cal premium" line="14">
<kw name="Given Common - Prepare json request" library="common">
<arg>${cal_premium_success}</arg>
<kw name="Common - Convert Dictionary to JSON" library="common">
<arg>${request}</arg>
<kw name="Evaluate" library="BuiltIn">
<var>${source_data}</var>
<arg>json.dumps(${source_data})</arg>
<doc>Evaluates the given expression in Python and returns the result.</doc>
<msg timestamp="20230516 17:24:15.346" level="INFO">${source_data} = {"planCode": "WON206", "paymentMode": "01", "sumInsured": "150000", "birthdate": "08-06-1987", "gender": "M", "occupationCode": "\u0e01006002", "channelId": "LHBANK", "language": "TH", "isTakaful": "0...</msg>
<status status="PASS" starttime="20230516 17:24:15.346" endtime="20230516 17:24:15.346"/>
</kw>
<kw name="Log" library="BuiltIn">
<arg>${source_data}</arg>
<doc>Logs the given message with the given level.</doc>
<msg timestamp="20230516 17:24:15.346" level="INFO">{"planCode": "WON206", "paymentMode": "01", "sumInsured": "150000", "birthdate": "08-06-1987", "gender": "M", "occupationCode": "\u0e01006002", "channelId": "LHBANK", "language": "TH", "isTakaful": "0", "payerAge": "34", "payerGender": "M"}</msg>
<status status="PASS" starttime="20230516 17:24:15.346" endtime="20230516 17:24:15.346"/>
</kw>
<kw name="Set Suite Variable" library="BuiltIn">
<arg>${json_request}</arg>
<arg>${source_data}</arg>
<doc>Makes a variable available everywhere within the scope of the current suite.</doc>
<msg timestamp="20230516 17:24:15.347" level="INFO">${json_request} = {"planCode": "WON206", "paymentMode": "01", "sumInsured": "150000", "birthdate": "08-06-1987", "gender": "M", "occupationCode": "\u0e01006002", "channelId": "LHBANK", "language": "TH", "isTakaful": "0...</msg>
<status status="PASS" starttime="20230516 17:24:15.347" endtime="20230516 17:24:15.347"/>
</kw>
<kw name="Log" library="BuiltIn">
<arg>${json_request}</arg>
<doc>Logs the given message with the given level.</doc>
<msg timestamp="20230516 17:24:15.347" level="INFO">{"planCode": "WON206", "paymentMode": "01", "sumInsured": "150000", "birthdate": "08-06-1987", "gender": "M", "occupationCode": "\u0e01006002", "channelId": "LHBANK", "language": "TH", "isTakaful": "0", "payerAge": "34", "payerGender": "M"}</msg>
<status status="PASS" starttime="20230516 17:24:15.347" endtime="20230516 17:24:15.347"/>
</kw>
<status status="PASS" starttime="20230516 17:24:15.346" endtime="20230516 17:24:15.347"/>
</kw>
<status status="PASS" starttime="20230516 17:24:15.346" endtime="20230516 17:24:15.347"/>
</kw>
<kw name="When API - Post request create coverages" library="cal_premium_api">
<arg>${json_request}</arg>
<kw name="Create Dictionary" library="BuiltIn">
<var>${headers}</var>
<arg>Content-Type=application/json</arg>
<arg>x-api-key=onlinesales-linebk</arg>
<arg>apikey=l77300ed94df894b4193945ee1d8602fbd</arg>
<doc>Creates and returns a dictionary based on the given ``items``.</doc>
<msg timestamp="20230516 17:24:15.347" level="INFO">${headers} = {'Content-Type': 'application/json', 'x-api-key': 'onlinesales-linebk', 'apikey': 'l77300ed94df894b4193945ee1d8602fbd'}</msg>
<status status="PASS" starttime="20230516 17:24:15.347" endtime="20230516 17:24:15.347"/>
</kw>
<kw name="POST" library="RequestsLibrary">
<var>${response}</var>
<arg>url=${base_url}${api_url}</arg>
<arg>data=${request_body}</arg>
<arg>headers=${headers}</arg>
<arg>expected_status=${http_status}</arg>
<doc>Sends a POST request.</doc>
<msg timestamp="20230516 17:24:15.691" level="INFO">POST Request : url=https://mtlgw-uat.muangthai.co.th/sit/api/productcenter/calculate/calculatePremium/generic 
 path_url=/sit/api/productcenter/calculate/calculatePremium/generic 
 headers={'User-Agent': 'python-requests/2.30.0', 'Accept-Encoding': 'gzip, deflate', 'Accept': '*/*', 'Connection': 'keep-alive', 'Content-Type': 'application/json', 'x-api-key': 'onlinesales-linebk', 'apikey': 'l77300ed94df894b4193945ee1d8602fbd', 'Content-Length': '240'} 
 body={"planCode": "WON206", "paymentMode": "01", "sumInsured": "150000", "birthdate": "08-06-1987", "gender": "M", "occupationCode": "\u0e01006002", "channelId": "LHBANK", "language": "TH", "isTakaful": "0", "payerAge": "34", "payerGender": "M"} 
 </msg>
<msg timestamp="20230516 17:24:15.691" level="INFO">POST Response : url=https://mtlgw-uat.muangthai.co.th/sit/api/productcenter/calculate/calculatePremium/generic 
 status=200, reason= 
 headers={'Strict-Transport-Security': 'max-age=31536000; includeSubDomains', 'X-XSS-Protection': '1; mode=block', 'X-Content-Type-Options': 'nosniff', 'Content-Security-Policy': "script-src 'self'", 'X-Frame-Options': 'Deny', 'Content-Encoding': 'gzip', 'Content-Type': 'application/json;charset=utf-8', 'Content-Length': '855', 'Date': 'Tue, 16 May 2023 10:24:15 GMT', 'Keep-Alive': 'timeout=60', 'Connection': 'keep-alive', 'Set-Cookie': 'TS0134fa9b=01aacec67d007c11d7cc4c8fb5c306582ad7085f56ed326f07710fff93ca686896d8729c463ad90b1ebaee15b3105ca1a31f75513e; Path=/; Domain=.mtlgw-uat.muangthai.co.th'} 
 body={"referenceId":"LHBANK-20230516001680636","totalSumInsured":"150000","remarkEn":"Forced buying Elite Health Rider/ \u0E1A\u0E31\u0E07\u0E04\u0E31\u0E1A\u0E41\u0E19\u0E1A\u0E2A\u0E31\u0E0D\u0E0D\u0E32\u0E40\u0E1E\u0E34\u0E48\u0E21\u0E40\u0E15\u0E34\u0E21\u0E01\u0E32\u0E23\u0E1B\u0E23\u0E30\u0E01\u0E31\u0E19\u0E20\u0E31\u0E22\u0E2A\u0E38\u0E02\u0E20\u0E32\u0E1E \u0E41\u0E1A\u0E1A \u0E2D\u0E35\u0E25\u0E34\u0E17 \u0E40\u0E2E\u0E25\u0E17\u0E4C","remarkLocal":"\u0E1A\u0E31\u0E07\u0E04\u0E31\u0E1A\u0E41\u0E19\u0E1A\u0E2A\u0E31\u0E0D\u0E0D\u0E32\u0E40\u0E1E\u0E34\u0E48\u0E21\u0E40\u0E15\u0E34\u0E21\u0E01\u0E32\u0E23\u0E1B\u0E23\u0E30\u0E01\u0E31\u0E19\u0E20\u0E31\u0E22\u0E2A\u0E38\u0E02\u0E20\u0E32\u0E1E \u0E41\u0E1A\u0E1A \u0E2D\u0E35\u0E25\u0E34\u0E17 \u0E40\u0E2E\u0E25\u0E17\u0E4C","hint":null,"premiumBFDiscount":329.25,"premiumAFDiscount":329.25,"discount":0.00,"extra":26.40,"taxProduct":355.65,"taxRider":0.00,"taxEMB":0.00,"taxCode":"172","tax":0.00,"isTax":0,"total":355.65,"riders":[{"riderType":"ELITE_HEALTH","required":1,"coverageCode":"","coverageAS400":"","coverageReport":"","coverageName":null,"coverageNameEN":null,"coverageSumInsuredInput":0.0,"coverageSumInsured":0.00,"riderNameEn":"Elite Health Plus Rider","riderNameLocal":"\u0E2A\u0E31\u0E0D\u0E0D\u0E32\u0E40\u0E1E\u0E34\u0E48\u0E21\u0E40\u0E15\u0E34\u0E21\u0E01\u0E32\u0E23\u0E1B\u0E23\u0E30\u0E01\u0E31\u0E19\u0E20\u0E31\u0E22\u0E2A\u0E38\u0E02\u0E20\u0E32\u0E1E\u0E41\u0E1A\u0E1A \u0E2D\u0E35\u0E25\u0E34\u0E17 \u0E40\u0E2E\u0E25\u0E17\u0E4C \u0E1E\u0E25\u0E31\u0E2A (Elite Health Plus)","compulsory":0,"recommend":0,"premium":0.00,"discount":0.00,"extra":0.00,"total":0.00,"tax":0.00,"groupMasterId":2,"groupMasterName":"\u0E01\u0E25\u0E38\u0E48\u0E21\u0E2A\u0E38\u0E02\u0E20\u0E32\u0E1E","riderTypeSMP":"ELITE_HEALTH","selected":false,"orderNumber":14,"moreInfo":[],"premiumTotalAll":0.0,"riderTypeDisplay":"ELITE_HEALTH"},{"riderType":"WELL_BEING","required":0,"coverageCode":"","coverageAS400":"","coverageReport":"","coverageName":null,"coverageNameEN":null,"coverageSumInsuredInput":0.0,"coverageSumInsured":0.00,"riderNameEn":"Endorsement of D Plus (Well-Being Plus)","riderNameLocal":"\u0E1A\u0E31\u0E19\u0E17\u0E36\u0E01\u0E2A\u0E25\u0E31\u0E01\u0E2B\u0E25\u0E31\u0E07 \u0E2A\u0E38\u0E02\u0E20\u0E32\u0E1E\u0E14\u0E35 \u0E1E\u0E25\u0E31\u0E2A (Well-Being Plus)","compulsory":0,"recommend":0,"premium":0.00,"discount":0.00,"extra":0.00,"total":0.00,"tax":0.00,"groupMasterId":2,"groupMasterName":"\u0E01\u0E25\u0E38\u0E48\u0E21\u0E2A\u0E38\u0E02\u0E20\u0E32\u0E1E","riderTypeSMP":"WELL_BEING","selected":false,"orderNumber":16,"moreInfo":[],"premiumTotalAll":0.0,"riderTypeDisplay":"WELL_BEING"},{"riderType":"CARE_PLUS_C","required":0,"coverageCode":"","coverageAS400":"","coverageReport":"","coverageName":null,"coverageNameEN":null,"coverageSumInsuredInput":0.0,"coverageSumInsured":0.00,"riderNameEn":"\u0E41\u0E04\u0E23\u0E4C \u0E1E\u0E25\u0E31\u0E2A","riderNameLocal":"\u0E2A\u0E31\u0E0D\u0E0D\u0E32\u0E40\u0E1E\u0E34\u0E48\u0E21\u0E40\u0E15\u0E34\u0E21 \u0E41\u0E04\u0E23\u0E4C \u0E1E\u0E25\u0E31\u0E2A \u0E2A\u0E33\u0E2B\u0E23\u0E31\u0E1A\u0E42\u0E23\u0E04\u0E21\u0E30\u0E40\u0E23\u0E47\u0E07","compulsory":0,"recommend":0,"premium":0.00,"discount":0.00,"extra":0.00,"total":0.00,"tax":0.00,"groupMasterId":3,"groupMasterName":"\u0E01\u0E25\u0E38\u0E48\u0E21\u0E42\u0E23\u0E04\u0E23\u0E49\u0E32\u0E22\u0E41\u0E23\u0E07","riderTypeSMP":"CARE_PLUS_C","selected":false,"orderNumber":239,"moreInfo":[],"premiumTotalAll":0.0,"riderTypeDisplay":"CARE_PLUS_C"},{"riderType":"CARE_PLUS_K","required":0,"coverageCode":"","coverageAS400":"","coverageReport":"","coverageName":null,"coverageNameEN":null,"coverageSumInsuredInput":0.0,"coverageSumInsured":0.00,"riderNameEn":"\u0E41\u0E04\u0E23\u0E4C \u0E1E\u0E25\u0E31\u0E2A","riderNameLocal":"\u0E2A\u0E31\u0E0D\u0E0D\u0E32\u0E40\u0E1E\u0E34\u0E48\u0E21\u0E40\u0E15\u0E34\u0E21 \u0E41\u0E04\u0E23\u0E4C \u0E1E\u0E25\u0E31\u0E2A \u0E2A\u0E33\u0E2B\u0E23\u0E31\u0E1A\u0E44\u0E15\u0E27\u0E32\u0E22\u0E40\u0E23\u0E37\u0E49\u0E2D\u0E23\u0E31\u0E07","compulsory":0,"recommend":0,"premium":0.00,"discount":0.00,"extra":0.00,"total":0.00,"tax":0.00,"groupMasterId":3,"groupMasterName":"\u0E01\u0E25\u0E38\u0E48\u0E21\u0E42\u0E23\u0E04\u0E23\u0E49\u0E32\u0E22\u0E41\u0E23\u0E07","riderTypeSMP":"CARE_PLUS_K","selected":false,"orderNumber":240,"moreInfo":[],"premiumTotalAll":0.0,"riderTypeDisplay":"CARE_PLUS_K"},{"riderType":"CARE_PLUS_A","required":0,"coverageCode":"","coverageAS400":"","coverageReport":"","coverageName":null,"coverageNameEN":null,"coverageSumInsuredInput":0.0,"coverageSumInsured":0.00,"riderNameEn":"\u0E41\u0E04\u0E23\u0E4C \u0E1E\u0E25\u0E31\u0E2A","riderNameLocal":"\u0E2A\u0E31\u0E0D\u0E0D\u0E32\u0E40\u0E1E\u0E34\u0E48\u0E21\u0E40\u0E15\u0E34\u0E21 \u0E41\u0E04\u0E23\u0E4C \u0E1E\u0E25\u0E31\u0E2A \u0E2A\u0E33\u0E2B\u0E23\u0E31\u0E1A\u0E42\u0E23\u0E04\u0E21\u0E30\u0E40\u0E23\u0E47\u0E07\u0E41\u0E25\u0E30\u0E44\u0E15\u0E27\u0E32\u0E22\u0E40\u0E23\u0E37\u0E49\u0E2D\u0E23\u0E31\u0E07","compulsory":0,"recommend":0,"premium":0.00,"discount":0.00,"extra":0.00,"total":0.00,"tax":0.00,"groupMasterId":3,"groupMasterName":"\u0E01\u0E25\u0E38\u0E48\u0E21\u0E42\u0E23\u0E04\u0E23\u0E49\u0E32\u0E22\u0E41\u0E23\u0E07","riderTypeSMP":"CARE_PLUS_A","selected":false,"orderNumber":241,"moreInfo":[],"premiumTotalAll":0.0,"riderTypeDisplay":"CARE_PLUS_A"}],"coverageYear":0} 
 </msg>
<msg timestamp="20230516 17:24:15.691" level="INFO">${response} = &lt;Response [200]&gt;</msg>
<status status="PASS" starttime="20230516 17:24:15.347" endtime="20230516 17:24:15.691"/>
</kw>
<kw name="To Json" library="RequestsLibrary">
<var>${response_json}</var>
<arg>${response.content}</arg>
<doc>*DEPRECATED* Please use ${resp.json()} instead. Have a look at the improved HTML output as pretty printing replacement.</doc>
<msg timestamp="20230516 17:24:15.692" level="WARN">Keyword 'RequestsLibrary.To Json' is deprecated. Please use ${resp.json()} instead. Have a look at the improved HTML output as pretty printing replacement.</msg>
<msg timestamp="20230516 17:24:15.693" level="INFO">To JSON using : content={"referenceId":"LHBANK-20230516001680636","totalSumInsured":"150000","remarkEn":"Forced buying Elite Health Rider/ \u0E1A\u0E31\u0E07\u0E04\u0E31\u0E1A\u0E41\u0E19\u0E1A\u0E2A\u0E31\u0E0D\u0E0D\u0E32\u0E40\u0E1E\u0E34\u0E48\u0E21\u0E40\u0E15\u0E34\u0E21\u0E01\u0E32\u0E23\u0E1B\u0E23\u0E30\u0E01\u0E31\u0E19\u0E20\u0E31\u0E22\u0E2A\u0E38\u0E02\u0E20\u0E32\u0E1E \u0E41\u0E1A\u0E1A \u0E2D\u0E35\u0E25\u0E34\u0E17 \u0E40\u0E2E\u0E25\u0E17\u0E4C","remarkLocal":"\u0E1A\u0E31\u0E07\u0E04\u0E31\u0E1A\u0E41\u0E19\u0E1A\u0E2A\u0E31\u0E0D\u0E0D\u0E32\u0E40\u0E1E\u0E34\u0E48\u0E21\u0E40\u0E15\u0E34\u0E21\u0E01\u0E32\u0E23\u0E1B\u0E23\u0E30\u0E01\u0E31\u0E19\u0E20\u0E31\u0E22\u0E2A\u0E38\u0E02\u0E20\u0E32\u0E1E \u0E41\u0E1A\u0E1A \u0E2D\u0E35\u0E25\u0E34\u0E17 \u0E40\u0E2E\u0E25\u0E17\u0E4C","hint":null,"premiumBFDiscount":329.25,"premiumAFDiscount":329.25,"discount":0.00,"extra":26.40,"taxProduct":355.65,"taxRider":0.00,"taxEMB":0.00,"taxCode":"172","tax":0.00,"isTax":0,"total":355.65,"riders":[{"riderType":"ELITE_HEALTH","required":1,"coverageCode":"","coverageAS400":"","coverageReport":"","coverageName":null,"coverageNameEN":null,"coverageSumInsuredInput":0.0,"coverageSumInsured":0.00,"riderNameEn":"Elite Health Plus Rider","riderNameLocal":"\u0E2A\u0E31\u0E0D\u0E0D\u0E32\u0E40\u0E1E\u0E34\u0E48\u0E21\u0E40\u0E15\u0E34\u0E21\u0E01\u0E32\u0E23\u0E1B\u0E23\u0E30\u0E01\u0E31\u0E19\u0E20\u0E31\u0E22\u0E2A\u0E38\u0E02\u0E20\u0E32\u0E1E\u0E41\u0E1A\u0E1A \u0E2D\u0E35\u0E25\u0E34\u0E17 \u0E40\u0E2E\u0E25\u0E17\u0E4C \u0E1E\u0E25\u0E31\u0E2A (Elite Health Plus)","compulsory":0,"recommend":0,"premium":0.00,"discount":0.00,"extra":0.00,"total":0.00,"tax":0.00,"groupMasterId":2,"groupMasterName":"\u0E01\u0E25\u0E38\u0E48\u0E21\u0E2A\u0E38\u0E02\u0E20\u0E32\u0E1E","riderTypeSMP":"ELITE_HEALTH","selected":false,"orderNumber":14,"moreInfo":[],"premiumTotalAll":0.0,"riderTypeDisplay":"ELITE_HEALTH"},{"riderType":"WELL_BEING","required":0,"coverageCode":"","coverageAS400":"","coverageReport":"","coverageName":null,"coverageNameEN":null,"coverageSumInsuredInput":0.0,"coverageSumInsured":0.00,"riderNameEn":"Endorsement of D Plus (Well-Being Plus)","riderNameLocal":"\u0E1A\u0E31\u0E19\u0E17\u0E36\u0E01\u0E2A\u0E25\u0E31\u0E01\u0E2B\u0E25\u0E31\u0E07 \u0E2A\u0E38\u0E02\u0E20\u0E32\u0E1E\u0E14\u0E35 \u0E1E\u0E25\u0E31\u0E2A (Well-Being Plus)","compulsory":0,"recommend":0,"premium":0.00,"discount":0.00,"extra":0.00,"total":0.00,"tax":0.00,"groupMasterId":2,"groupMasterName":"\u0E01\u0E25\u0E38\u0E48\u0E21\u0E2A\u0E38\u0E02\u0E20\u0E32\u0E1E","riderTypeSMP":"WELL_BEING","selected":false,"orderNumber":16,"moreInfo":[],"premiumTotalAll":0.0,"riderTypeDisplay":"WELL_BEING"},{"riderType":"CARE_PLUS_C","required":0,"coverageCode":"","coverageAS400":"","coverageReport":"","coverageName":null,"coverageNameEN":null,"coverageSumInsuredInput":0.0,"coverageSumInsured":0.00,"riderNameEn":"\u0E41\u0E04\u0E23\u0E4C \u0E1E\u0E25\u0E31\u0E2A","riderNameLocal":"\u0E2A\u0E31\u0E0D\u0E0D\u0E32\u0E40\u0E1E\u0E34\u0E48\u0E21\u0E40\u0E15\u0E34\u0E21 \u0E41\u0E04\u0E23\u0E4C \u0E1E\u0E25\u0E31\u0E2A \u0E2A\u0E33\u0E2B\u0E23\u0E31\u0E1A\u0E42\u0E23\u0E04\u0E21\u0E30\u0E40\u0E23\u0E47\u0E07","compulsory":0,"recommend":0,"premium":0.00,"discount":0.00,"extra":0.00,"total":0.00,"tax":0.00,"groupMasterId":3,"groupMasterName":"\u0E01\u0E25\u0E38\u0E48\u0E21\u0E42\u0E23\u0E04\u0E23\u0E49\u0E32\u0E22\u0E41\u0E23\u0E07","riderTypeSMP":"CARE_PLUS_C","selected":false,"orderNumber":239,"moreInfo":[],"premiumTotalAll":0.0,"riderTypeDisplay":"CARE_PLUS_C"},{"riderType":"CARE_PLUS_K","required":0,"coverageCode":"","coverageAS400":"","coverageReport":"","coverageName":null,"coverageNameEN":null,"coverageSumInsuredInput":0.0,"coverageSumInsured":0.00,"riderNameEn":"\u0E41\u0E04\u0E23\u0E4C \u0E1E\u0E25\u0E31\u0E2A","riderNameLocal":"\u0E2A\u0E31\u0E0D\u0E0D\u0E32\u0E40\u0E1E\u0E34\u0E48\u0E21\u0E40\u0E15\u0E34\u0E21 \u0E41\u0E04\u0E23\u0E4C \u0E1E\u0E25\u0E31\u0E2A \u0E2A\u0E33\u0E2B\u0E23\u0E31\u0E1A\u0E44\u0E15\u0E27\u0E32\u0E22\u0E40\u0E23\u0E37\u0E49\u0E2D\u0E23\u0E31\u0E07","compulsory":0,"recommend":0,"premium":0.00,"discount":0.00,"extra":0.00,"total":0.00,"tax":0.00,"groupMasterId":3,"groupMasterName":"\u0E01\u0E25\u0E38\u0E48\u0E21\u0E42\u0E23\u0E04\u0E23\u0E49\u0E32\u0E22\u0E41\u0E23\u0E07","riderTypeSMP":"CARE_PLUS_K","selected":false,"orderNumber":240,"moreInfo":[],"premiumTotalAll":0.0,"riderTypeDisplay":"CARE_PLUS_K"},{"riderType":"CARE_PLUS_A","required":0,"coverageCode":"","coverageAS400":"","coverageReport":"","coverageName":null,"coverageNameEN":null,"coverageSumInsuredInput":0.0,"coverageSumInsured":0.00,"riderNameEn":"\u0E41\u0E04\u0E23\u0E4C \u0E1E\u0E25\u0E31\u0E2A","riderNameLocal":"\u0E2A\u0E31\u0E0D\u0E0D\u0E32\u0E40\u0E1E\u0E34\u0E48\u0E21\u0E40\u0E15\u0E34\u0E21 \u0E41\u0E04\u0E23\u0E4C \u0E1E\u0E25\u0E31\u0E2A \u0E2A\u0E33\u0E2B\u0E23\u0E31\u0E1A\u0E42\u0E23\u0E04\u0E21\u0E30\u0E40\u0E23\u0E47\u0E07\u0E41\u0E25\u0E30\u0E44\u0E15\u0E27\u0E32\u0E22\u0E40\u0E23\u0E37\u0E49\u0E2D\u0E23\u0E31\u0E07","compulsory":0,"recommend":0,"premium":0.00,"discount":0.00,"extra":0.00,"total":0.00,"tax":0.00,"groupMasterId":3,"groupMasterName":"\u0E01\u0E25\u0E38\u0E48\u0E21\u0E42\u0E23\u0E04\u0E23\u0E49\u0E32\u0E22\u0E41\u0E23\u0E07","riderTypeSMP":"CARE_PLUS_A","selected":false,"orderNumber":241,"moreInfo":[],"premiumTotalAll":0.0,"riderTypeDisplay":"CARE_PLUS_A"}],"coverageYear":0} </msg>
<msg timestamp="20230516 17:24:15.693" level="INFO">To JSON using : pretty_print=False </msg>
<msg timestamp="20230516 17:24:15.694" level="INFO">${response_json} = {'referenceId': 'LHBANK-20230516001680636', 'totalSumInsured': '150000', 'remarkEn': 'Forced buying Elite Health Rider/ บังคับแนบสัญญาเพิ่มเติมการประกันภัยสุขภาพ แบบ อีลิท เฮลท์', 'remarkLocal': 'บังค...</msg>
<status status="PASS" starttime="20230516 17:24:15.692" endtime="20230516 17:24:15.694"/>
</kw>
<kw name="Log" library="BuiltIn">
<arg>${response_json}</arg>
<doc>Logs the given message with the given level.</doc>
<msg timestamp="20230516 17:24:15.694" level="INFO">{'referenceId': 'LHBANK-20230516001680636', 'totalSumInsured': '150000', 'remarkEn': 'Forced buying Elite Health Rider/ บังคับแนบสัญญาเพิ่มเติมการประกันภัยสุขภาพ แบบ อีลิท เฮลท์', 'remarkLocal': 'บังคับแนบสัญญาเพิ่มเติมการประกันภัยสุขภาพ แบบ อีลิท เฮลท์', 'hint': None, 'premiumBFDiscount': 329.25, 'premiumAFDiscount': 329.25, 'discount': 0.0, 'extra': 26.4, 'taxProduct': 355.65, 'taxRider': 0.0, 'taxEMB': 0.0, 'taxCode': '172', 'tax': 0.0, 'isTax': 0, 'total': 355.65, 'riders': [{'riderType': 'ELITE_HEALTH', 'required': 1, 'coverageCode': '', 'coverageAS400': '', 'coverageReport': '', 'coverageName': None, 'coverageNameEN': None, 'coverageSumInsuredInput': 0.0, 'coverageSumInsured': 0.0, 'riderNameEn': 'Elite Health Plus Rider', 'riderNameLocal': 'สัญญาเพิ่มเติมการประกันภัยสุขภาพแบบ อีลิท เฮลท์ พลัส (Elite Health Plus)', 'compulsory': 0, 'recommend': 0, 'premium': 0.0, 'discount': 0.0, 'extra': 0.0, 'total': 0.0, 'tax': 0.0, 'groupMasterId': 2, 'groupMasterName': 'กลุ่มสุขภาพ', 'riderTypeSMP': 'ELITE_HEALTH', 'selected': False, 'orderNumber': 14, 'moreInfo': [], 'premiumTotalAll': 0.0, 'riderTypeDisplay': 'ELITE_HEALTH'}, {'riderType': 'WELL_BEING', 'required': 0, 'coverageCode': '', 'coverageAS400': '', 'coverageReport': '', 'coverageName': None, 'coverageNameEN': None, 'coverageSumInsuredInput': 0.0, 'coverageSumInsured': 0.0, 'riderNameEn': 'Endorsement of D Plus (Well-Being Plus)', 'riderNameLocal': 'บันทึกสลักหลัง สุขภาพดี พลัส (Well-Being Plus)', 'compulsory': 0, 'recommend': 0, 'premium': 0.0, 'discount': 0.0, 'extra': 0.0, 'total': 0.0, 'tax': 0.0, 'groupMasterId': 2, 'groupMasterName': 'กลุ่มสุขภาพ', 'riderTypeSMP': 'WELL_BEING', 'selected': False, 'orderNumber': 16, 'moreInfo': [], 'premiumTotalAll': 0.0, 'riderTypeDisplay': 'WELL_BEING'}, {'riderType': 'CARE_PLUS_C', 'required': 0, 'coverageCode': '', 'coverageAS400': '', 'coverageReport': '', 'coverageName': None, 'coverageNameEN': None, 'coverageSumInsuredInput': 0.0, 'coverageSumInsured': 0.0, 'riderNameEn': 'แคร์ พลัส', 'riderNameLocal': 'สัญญาเพิ่มเติม แคร์ พลัส สำหรับโรคมะเร็ง', 'compulsory': 0, 'recommend': 0, 'premium': 0.0, 'discount': 0.0, 'extra': 0.0, 'total': 0.0, 'tax': 0.0, 'groupMasterId': 3, 'groupMasterName': 'กลุ่มโรคร้ายแรง', 'riderTypeSMP': 'CARE_PLUS_C', 'selected': False, 'orderNumber': 239, 'moreInfo': [], 'premiumTotalAll': 0.0, 'riderTypeDisplay': 'CARE_PLUS_C'}, {'riderType': 'CARE_PLUS_K', 'required': 0, 'coverageCode': '', 'coverageAS400': '', 'coverageReport': '', 'coverageName': None, 'coverageNameEN': None, 'coverageSumInsuredInput': 0.0, 'coverageSumInsured': 0.0, 'riderNameEn': 'แคร์ พลัส', 'riderNameLocal': 'สัญญาเพิ่มเติม แคร์ พลัส สำหรับไตวายเรื้อรัง', 'compulsory': 0, 'recommend': 0, 'premium': 0.0, 'discount': 0.0, 'extra': 0.0, 'total': 0.0, 'tax': 0.0, 'groupMasterId': 3, 'groupMasterName': 'กลุ่มโรคร้ายแรง', 'riderTypeSMP': 'CARE_PLUS_K', 'selected': False, 'orderNumber': 240, 'moreInfo': [], 'premiumTotalAll': 0.0, 'riderTypeDisplay': 'CARE_PLUS_K'}, {'riderType': 'CARE_PLUS_A', 'required': 0, 'coverageCode': '', 'coverageAS400': '', 'coverageReport': '', 'coverageName': None, 'coverageNameEN': None, 'coverageSumInsuredInput': 0.0, 'coverageSumInsured': 0.0, 'riderNameEn': 'แคร์ พลัส', 'riderNameLocal': 'สัญญาเพิ่มเติม แคร์ พลัส สำหรับโรคมะเร็งและไตวายเรื้อรัง', 'compulsory': 0, 'recommend': 0, 'premium': 0.0, 'discount': 0.0, 'extra': 0.0, 'total': 0.0, 'tax': 0.0, 'groupMasterId': 3, 'groupMasterName': 'กลุ่มโรคร้ายแรง', 'riderTypeSMP': 'CARE_PLUS_A', 'selected': False, 'orderNumber': 241, 'moreInfo': [], 'premiumTotalAll': 0.0, 'riderTypeDisplay': 'CARE_PLUS_A'}], 'coverageYear': 0}</msg>
<status status="PASS" starttime="20230516 17:24:15.694" endtime="20230516 17:24:15.694"/>
</kw>
<kw name="Set Test Variable" library="BuiltIn">
<arg>${response}</arg>
<doc>Makes a variable available everywhere within the scope of the current test.</doc>
<msg timestamp="20230516 17:24:15.695" level="INFO">${response} = &lt;Response [200]&gt;</msg>
<status status="PASS" starttime="20230516 17:24:15.694" endtime="20230516 17:24:15.695"/>
</kw>
<kw name="Set Test Variable" library="BuiltIn">
<arg>${response_json}</arg>
<doc>Makes a variable available everywhere within the scope of the current test.</doc>
<msg timestamp="20230516 17:24:15.695" level="INFO">${response_json} = {'referenceId': 'LHBANK-20230516001680636', 'totalSumInsured': '150000', 'remarkEn': 'Forced buying Elite Health Rider/ บังคับแนบสัญญาเพิ่มเติมการประกันภัยสุขภาพ แบบ อีลิท เฮลท์', 'remarkLocal': 'บังค...</msg>
<status status="PASS" starttime="20230516 17:24:15.695" endtime="20230516 17:24:15.695"/>
</kw>
<status status="PASS" starttime="20230516 17:24:15.347" endtime="20230516 17:24:15.695"/>
</kw>
<doc>test call api to create coverage</doc>
<tag>integration</tag>
<tag>success</tag>
<status status="PASS" starttime="20230516 17:24:15.346" endtime="20230516 17:24:15.695"/>
</test>
<test id="s1-s1-t2" name="TC_002 Success - Open cal premium" line="22">
<kw name="Given Common - Prepare json request" library="common">
<arg>${cal_premium_success}</arg>
<kw name="Common - Convert Dictionary to JSON" library="common">
<arg>${request}</arg>
<kw name="Evaluate" library="BuiltIn">
<var>${source_data}</var>
<arg>json.dumps(${source_data})</arg>
<doc>Evaluates the given expression in Python and returns the result.</doc>
<msg timestamp="20230516 17:24:15.697" level="INFO">${source_data} = {"planCode": "WON206", "paymentMode": "01", "sumInsured": "150000", "birthdate": "08-06-1987", "gender": "M", "occupationCode": "\u0e01006002", "channelId": "LHBANK", "language": "TH", "isTakaful": "0...</msg>
<status status="PASS" starttime="20230516 17:24:15.697" endtime="20230516 17:24:15.697"/>
</kw>
<kw name="Log" library="BuiltIn">
<arg>${source_data}</arg>
<doc>Logs the given message with the given level.</doc>
<msg timestamp="20230516 17:24:15.698" level="INFO">{"planCode": "WON206", "paymentMode": "01", "sumInsured": "150000", "birthdate": "08-06-1987", "gender": "M", "occupationCode": "\u0e01006002", "channelId": "LHBANK", "language": "TH", "isTakaful": "0", "payerAge": "34", "payerGender": "M"}</msg>
<status status="PASS" starttime="20230516 17:24:15.698" endtime="20230516 17:24:15.698"/>
</kw>
<kw name="Set Suite Variable" library="BuiltIn">
<arg>${json_request}</arg>
<arg>${source_data}</arg>
<doc>Makes a variable available everywhere within the scope of the current suite.</doc>
<msg timestamp="20230516 17:24:15.698" level="INFO">${json_request} = {"planCode": "WON206", "paymentMode": "01", "sumInsured": "150000", "birthdate": "08-06-1987", "gender": "M", "occupationCode": "\u0e01006002", "channelId": "LHBANK", "language": "TH", "isTakaful": "0...</msg>
<status status="PASS" starttime="20230516 17:24:15.698" endtime="20230516 17:24:15.698"/>
</kw>
<kw name="Log" library="BuiltIn">
<arg>${json_request}</arg>
<doc>Logs the given message with the given level.</doc>
<msg timestamp="20230516 17:24:15.698" level="INFO">{"planCode": "WON206", "paymentMode": "01", "sumInsured": "150000", "birthdate": "08-06-1987", "gender": "M", "occupationCode": "\u0e01006002", "channelId": "LHBANK", "language": "TH", "isTakaful": "0", "payerAge": "34", "payerGender": "M"}</msg>
<status status="PASS" starttime="20230516 17:24:15.698" endtime="20230516 17:24:15.698"/>
</kw>
<status status="PASS" starttime="20230516 17:24:15.697" endtime="20230516 17:24:15.699"/>
</kw>
<status status="PASS" starttime="20230516 17:24:15.696" endtime="20230516 17:24:15.699"/>
</kw>
<kw name="When API - Post request create coverages" library="cal_premium_api">
<arg>${json_request}</arg>
<kw name="Create Dictionary" library="BuiltIn">
<var>${headers}</var>
<arg>Content-Type=application/json</arg>
<arg>x-api-key=onlinesales-linebk</arg>
<arg>apikey=l77300ed94df894b4193945ee1d8602fbd</arg>
<doc>Creates and returns a dictionary based on the given ``items``.</doc>
<msg timestamp="20230516 17:24:15.699" level="INFO">${headers} = {'Content-Type': 'application/json', 'x-api-key': 'onlinesales-linebk', 'apikey': 'l77300ed94df894b4193945ee1d8602fbd'}</msg>
<status status="PASS" starttime="20230516 17:24:15.699" endtime="20230516 17:24:15.699"/>
</kw>
<kw name="POST" library="RequestsLibrary">
<var>${response}</var>
<arg>url=${base_url}${api_url}</arg>
<arg>data=${request_body}</arg>
<arg>headers=${headers}</arg>
<arg>expected_status=${http_status}</arg>
<doc>Sends a POST request.</doc>
<msg timestamp="20230516 17:24:15.978" level="INFO">POST Request : url=https://mtlgw-uat.muangthai.co.th/sit/api/productcenter/calculate/calculatePremium/generic 
 path_url=/sit/api/productcenter/calculate/calculatePremium/generic 
 headers={'User-Agent': 'python-requests/2.30.0', 'Accept-Encoding': 'gzip, deflate', 'Accept': '*/*', 'Connection': 'keep-alive', 'Content-Type': 'application/json', 'x-api-key': 'onlinesales-linebk', 'apikey': 'l77300ed94df894b4193945ee1d8602fbd', 'Content-Length': '240'} 
 body={"planCode": "WON206", "paymentMode": "01", "sumInsured": "150000", "birthdate": "08-06-1987", "gender": "M", "occupationCode": "\u0e01006002", "channelId": "LHBANK", "language": "TH", "isTakaful": "0", "payerAge": "34", "payerGender": "M"} 
 </msg>
<msg timestamp="20230516 17:24:15.978" level="INFO">POST Response : url=https://mtlgw-uat.muangthai.co.th/sit/api/productcenter/calculate/calculatePremium/generic 
 status=200, reason= 
 headers={'Strict-Transport-Security': 'max-age=31536000; includeSubDomains', 'X-XSS-Protection': '1; mode=block', 'X-Content-Type-Options': 'nosniff', 'Content-Security-Policy': "script-src 'self'", 'X-Frame-Options': 'Deny', 'Content-Encoding': 'gzip', 'Content-Type': 'application/json;charset=utf-8', 'Content-Length': '855', 'Date': 'Tue, 16 May 2023 10:24:15 GMT', 'Keep-Alive': 'timeout=60', 'Connection': 'keep-alive', 'Set-Cookie': 'TS0134fa9b=01aacec67d1d618bd6377d62a56699a577a9279bc4bca203b70735311b63abb740b38991b610dc019c2acb55f6f207b2c6c63fc85f; Path=/; Domain=.mtlgw-uat.muangthai.co.th'} 
 body={"referenceId":"LHBANK-20230516001680637","totalSumInsured":"150000","remarkEn":"Forced buying Elite Health Rider/ \u0E1A\u0E31\u0E07\u0E04\u0E31\u0E1A\u0E41\u0E19\u0E1A\u0E2A\u0E31\u0E0D\u0E0D\u0E32\u0E40\u0E1E\u0E34\u0E48\u0E21\u0E40\u0E15\u0E34\u0E21\u0E01\u0E32\u0E23\u0E1B\u0E23\u0E30\u0E01\u0E31\u0E19\u0E20\u0E31\u0E22\u0E2A\u0E38\u0E02\u0E20\u0E32\u0E1E \u0E41\u0E1A\u0E1A \u0E2D\u0E35\u0E25\u0E34\u0E17 \u0E40\u0E2E\u0E25\u0E17\u0E4C","remarkLocal":"\u0E1A\u0E31\u0E07\u0E04\u0E31\u0E1A\u0E41\u0E19\u0E1A\u0E2A\u0E31\u0E0D\u0E0D\u0E32\u0E40\u0E1E\u0E34\u0E48\u0E21\u0E40\u0E15\u0E34\u0E21\u0E01\u0E32\u0E23\u0E1B\u0E23\u0E30\u0E01\u0E31\u0E19\u0E20\u0E31\u0E22\u0E2A\u0E38\u0E02\u0E20\u0E32\u0E1E \u0E41\u0E1A\u0E1A \u0E2D\u0E35\u0E25\u0E34\u0E17 \u0E40\u0E2E\u0E25\u0E17\u0E4C","hint":null,"premiumBFDiscount":329.25,"premiumAFDiscount":329.25,"discount":0.00,"extra":26.40,"taxProduct":355.65,"taxRider":0.00,"taxEMB":0.00,"taxCode":"172","tax":0.00,"isTax":0,"total":355.65,"riders":[{"riderType":"ELITE_HEALTH","required":1,"coverageCode":"","coverageAS400":"","coverageReport":"","coverageName":null,"coverageNameEN":null,"coverageSumInsuredInput":0.0,"coverageSumInsured":0.00,"riderNameEn":"Elite Health Plus Rider","riderNameLocal":"\u0E2A\u0E31\u0E0D\u0E0D\u0E32\u0E40\u0E1E\u0E34\u0E48\u0E21\u0E40\u0E15\u0E34\u0E21\u0E01\u0E32\u0E23\u0E1B\u0E23\u0E30\u0E01\u0E31\u0E19\u0E20\u0E31\u0E22\u0E2A\u0E38\u0E02\u0E20\u0E32\u0E1E\u0E41\u0E1A\u0E1A \u0E2D\u0E35\u0E25\u0E34\u0E17 \u0E40\u0E2E\u0E25\u0E17\u0E4C \u0E1E\u0E25\u0E31\u0E2A (Elite Health Plus)","compulsory":0,"recommend":0,"premium":0.00,"discount":0.00,"extra":0.00,"total":0.00,"tax":0.00,"groupMasterId":2,"groupMasterName":"\u0E01\u0E25\u0E38\u0E48\u0E21\u0E2A\u0E38\u0E02\u0E20\u0E32\u0E1E","riderTypeSMP":"ELITE_HEALTH","selected":false,"orderNumber":14,"moreInfo":[],"premiumTotalAll":0.0,"riderTypeDisplay":"ELITE_HEALTH"},{"riderType":"WELL_BEING","required":0,"coverageCode":"","coverageAS400":"","coverageReport":"","coverageName":null,"coverageNameEN":null,"coverageSumInsuredInput":0.0,"coverageSumInsured":0.00,"riderNameEn":"Endorsement of D Plus (Well-Being Plus)","riderNameLocal":"\u0E1A\u0E31\u0E19\u0E17\u0E36\u0E01\u0E2A\u0E25\u0E31\u0E01\u0E2B\u0E25\u0E31\u0E07 \u0E2A\u0E38\u0E02\u0E20\u0E32\u0E1E\u0E14\u0E35 \u0E1E\u0E25\u0E31\u0E2A (Well-Being Plus)","compulsory":0,"recommend":0,"premium":0.00,"discount":0.00,"extra":0.00,"total":0.00,"tax":0.00,"groupMasterId":2,"groupMasterName":"\u0E01\u0E25\u0E38\u0E48\u0E21\u0E2A\u0E38\u0E02\u0E20\u0E32\u0E1E","riderTypeSMP":"WELL_BEING","selected":false,"orderNumber":16,"moreInfo":[],"premiumTotalAll":0.0,"riderTypeDisplay":"WELL_BEING"},{"riderType":"CARE_PLUS_C","required":0,"coverageCode":"","coverageAS400":"","coverageReport":"","coverageName":null,"coverageNameEN":null,"coverageSumInsuredInput":0.0,"coverageSumInsured":0.00,"riderNameEn":"\u0E41\u0E04\u0E23\u0E4C \u0E1E\u0E25\u0E31\u0E2A","riderNameLocal":"\u0E2A\u0E31\u0E0D\u0E0D\u0E32\u0E40\u0E1E\u0E34\u0E48\u0E21\u0E40\u0E15\u0E34\u0E21 \u0E41\u0E04\u0E23\u0E4C \u0E1E\u0E25\u0E31\u0E2A \u0E2A\u0E33\u0E2B\u0E23\u0E31\u0E1A\u0E42\u0E23\u0E04\u0E21\u0E30\u0E40\u0E23\u0E47\u0E07","compulsory":0,"recommend":0,"premium":0.00,"discount":0.00,"extra":0.00,"total":0.00,"tax":0.00,"groupMasterId":3,"groupMasterName":"\u0E01\u0E25\u0E38\u0E48\u0E21\u0E42\u0E23\u0E04\u0E23\u0E49\u0E32\u0E22\u0E41\u0E23\u0E07","riderTypeSMP":"CARE_PLUS_C","selected":false,"orderNumber":239,"moreInfo":[],"premiumTotalAll":0.0,"riderTypeDisplay":"CARE_PLUS_C"},{"riderType":"CARE_PLUS_K","required":0,"coverageCode":"","coverageAS400":"","coverageReport":"","coverageName":null,"coverageNameEN":null,"coverageSumInsuredInput":0.0,"coverageSumInsured":0.00,"riderNameEn":"\u0E41\u0E04\u0E23\u0E4C \u0E1E\u0E25\u0E31\u0E2A","riderNameLocal":"\u0E2A\u0E31\u0E0D\u0E0D\u0E32\u0E40\u0E1E\u0E34\u0E48\u0E21\u0E40\u0E15\u0E34\u0E21 \u0E41\u0E04\u0E23\u0E4C \u0E1E\u0E25\u0E31\u0E2A \u0E2A\u0E33\u0E2B\u0E23\u0E31\u0E1A\u0E44\u0E15\u0E27\u0E32\u0E22\u0E40\u0E23\u0E37\u0E49\u0E2D\u0E23\u0E31\u0E07","compulsory":0,"recommend":0,"premium":0.00,"discount":0.00,"extra":0.00,"total":0.00,"tax":0.00,"groupMasterId":3,"groupMasterName":"\u0E01\u0E25\u0E38\u0E48\u0E21\u0E42\u0E23\u0E04\u0E23\u0E49\u0E32\u0E22\u0E41\u0E23\u0E07","riderTypeSMP":"CARE_PLUS_K","selected":false,"orderNumber":240,"moreInfo":[],"premiumTotalAll":0.0,"riderTypeDisplay":"CARE_PLUS_K"},{"riderType":"CARE_PLUS_A","required":0,"coverageCode":"","coverageAS400":"","coverageReport":"","coverageName":null,"coverageNameEN":null,"coverageSumInsuredInput":0.0,"coverageSumInsured":0.00,"riderNameEn":"\u0E41\u0E04\u0E23\u0E4C \u0E1E\u0E25\u0E31\u0E2A","riderNameLocal":"\u0E2A\u0E31\u0E0D\u0E0D\u0E32\u0E40\u0E1E\u0E34\u0E48\u0E21\u0E40\u0E15\u0E34\u0E21 \u0E41\u0E04\u0E23\u0E4C \u0E1E\u0E25\u0E31\u0E2A \u0E2A\u0E33\u0E2B\u0E23\u0E31\u0E1A\u0E42\u0E23\u0E04\u0E21\u0E30\u0E40\u0E23\u0E47\u0E07\u0E41\u0E25\u0E30\u0E44\u0E15\u0E27\u0E32\u0E22\u0E40\u0E23\u0E37\u0E49\u0E2D\u0E23\u0E31\u0E07","compulsory":0,"recommend":0,"premium":0.00,"discount":0.00,"extra":0.00,"total":0.00,"tax":0.00,"groupMasterId":3,"groupMasterName":"\u0E01\u0E25\u0E38\u0E48\u0E21\u0E42\u0E23\u0E04\u0E23\u0E49\u0E32\u0E22\u0E41\u0E23\u0E07","riderTypeSMP":"CARE_PLUS_A","selected":false,"orderNumber":241,"moreInfo":[],"premiumTotalAll":0.0,"riderTypeDisplay":"CARE_PLUS_A"}],"coverageYear":0} 
 </msg>
<msg timestamp="20230516 17:24:15.980" level="INFO">${response} = &lt;Response [200]&gt;</msg>
<status status="PASS" starttime="20230516 17:24:15.699" endtime="20230516 17:24:15.980"/>
</kw>
<kw name="To Json" library="RequestsLibrary">
<var>${response_json}</var>
<arg>${response.content}</arg>
<doc>*DEPRECATED* Please use ${resp.json()} instead. Have a look at the improved HTML output as pretty printing replacement.</doc>
<msg timestamp="20230516 17:24:15.981" level="WARN">Keyword 'RequestsLibrary.To Json' is deprecated. Please use ${resp.json()} instead. Have a look at the improved HTML output as pretty printing replacement.</msg>
<msg timestamp="20230516 17:24:15.981" level="INFO">To JSON using : content={"referenceId":"LHBANK-20230516001680637","totalSumInsured":"150000","remarkEn":"Forced buying Elite Health Rider/ \u0E1A\u0E31\u0E07\u0E04\u0E31\u0E1A\u0E41\u0E19\u0E1A\u0E2A\u0E31\u0E0D\u0E0D\u0E32\u0E40\u0E1E\u0E34\u0E48\u0E21\u0E40\u0E15\u0E34\u0E21\u0E01\u0E32\u0E23\u0E1B\u0E23\u0E30\u0E01\u0E31\u0E19\u0E20\u0E31\u0E22\u0E2A\u0E38\u0E02\u0E20\u0E32\u0E1E \u0E41\u0E1A\u0E1A \u0E2D\u0E35\u0E25\u0E34\u0E17 \u0E40\u0E2E\u0E25\u0E17\u0E4C","remarkLocal":"\u0E1A\u0E31\u0E07\u0E04\u0E31\u0E1A\u0E41\u0E19\u0E1A\u0E2A\u0E31\u0E0D\u0E0D\u0E32\u0E40\u0E1E\u0E34\u0E48\u0E21\u0E40\u0E15\u0E34\u0E21\u0E01\u0E32\u0E23\u0E1B\u0E23\u0E30\u0E01\u0E31\u0E19\u0E20\u0E31\u0E22\u0E2A\u0E38\u0E02\u0E20\u0E32\u0E1E \u0E41\u0E1A\u0E1A \u0E2D\u0E35\u0E25\u0E34\u0E17 \u0E40\u0E2E\u0E25\u0E17\u0E4C","hint":null,"premiumBFDiscount":329.25,"premiumAFDiscount":329.25,"discount":0.00,"extra":26.40,"taxProduct":355.65,"taxRider":0.00,"taxEMB":0.00,"taxCode":"172","tax":0.00,"isTax":0,"total":355.65,"riders":[{"riderType":"ELITE_HEALTH","required":1,"coverageCode":"","coverageAS400":"","coverageReport":"","coverageName":null,"coverageNameEN":null,"coverageSumInsuredInput":0.0,"coverageSumInsured":0.00,"riderNameEn":"Elite Health Plus Rider","riderNameLocal":"\u0E2A\u0E31\u0E0D\u0E0D\u0E32\u0E40\u0E1E\u0E34\u0E48\u0E21\u0E40\u0E15\u0E34\u0E21\u0E01\u0E32\u0E23\u0E1B\u0E23\u0E30\u0E01\u0E31\u0E19\u0E20\u0E31\u0E22\u0E2A\u0E38\u0E02\u0E20\u0E32\u0E1E\u0E41\u0E1A\u0E1A \u0E2D\u0E35\u0E25\u0E34\u0E17 \u0E40\u0E2E\u0E25\u0E17\u0E4C \u0E1E\u0E25\u0E31\u0E2A (Elite Health Plus)","compulsory":0,"recommend":0,"premium":0.00,"discount":0.00,"extra":0.00,"total":0.00,"tax":0.00,"groupMasterId":2,"groupMasterName":"\u0E01\u0E25\u0E38\u0E48\u0E21\u0E2A\u0E38\u0E02\u0E20\u0E32\u0E1E","riderTypeSMP":"ELITE_HEALTH","selected":false,"orderNumber":14,"moreInfo":[],"premiumTotalAll":0.0,"riderTypeDisplay":"ELITE_HEALTH"},{"riderType":"WELL_BEING","required":0,"coverageCode":"","coverageAS400":"","coverageReport":"","coverageName":null,"coverageNameEN":null,"coverageSumInsuredInput":0.0,"coverageSumInsured":0.00,"riderNameEn":"Endorsement of D Plus (Well-Being Plus)","riderNameLocal":"\u0E1A\u0E31\u0E19\u0E17\u0E36\u0E01\u0E2A\u0E25\u0E31\u0E01\u0E2B\u0E25\u0E31\u0E07 \u0E2A\u0E38\u0E02\u0E20\u0E32\u0E1E\u0E14\u0E35 \u0E1E\u0E25\u0E31\u0E2A (Well-Being Plus)","compulsory":0,"recommend":0,"premium":0.00,"discount":0.00,"extra":0.00,"total":0.00,"tax":0.00,"groupMasterId":2,"groupMasterName":"\u0E01\u0E25\u0E38\u0E48\u0E21\u0E2A\u0E38\u0E02\u0E20\u0E32\u0E1E","riderTypeSMP":"WELL_BEING","selected":false,"orderNumber":16,"moreInfo":[],"premiumTotalAll":0.0,"riderTypeDisplay":"WELL_BEING"},{"riderType":"CARE_PLUS_C","required":0,"coverageCode":"","coverageAS400":"","coverageReport":"","coverageName":null,"coverageNameEN":null,"coverageSumInsuredInput":0.0,"coverageSumInsured":0.00,"riderNameEn":"\u0E41\u0E04\u0E23\u0E4C \u0E1E\u0E25\u0E31\u0E2A","riderNameLocal":"\u0E2A\u0E31\u0E0D\u0E0D\u0E32\u0E40\u0E1E\u0E34\u0E48\u0E21\u0E40\u0E15\u0E34\u0E21 \u0E41\u0E04\u0E23\u0E4C \u0E1E\u0E25\u0E31\u0E2A \u0E2A\u0E33\u0E2B\u0E23\u0E31\u0E1A\u0E42\u0E23\u0E04\u0E21\u0E30\u0E40\u0E23\u0E47\u0E07","compulsory":0,"recommend":0,"premium":0.00,"discount":0.00,"extra":0.00,"total":0.00,"tax":0.00,"groupMasterId":3,"groupMasterName":"\u0E01\u0E25\u0E38\u0E48\u0E21\u0E42\u0E23\u0E04\u0E23\u0E49\u0E32\u0E22\u0E41\u0E23\u0E07","riderTypeSMP":"CARE_PLUS_C","selected":false,"orderNumber":239,"moreInfo":[],"premiumTotalAll":0.0,"riderTypeDisplay":"CARE_PLUS_C"},{"riderType":"CARE_PLUS_K","required":0,"coverageCode":"","coverageAS400":"","coverageReport":"","coverageName":null,"coverageNameEN":null,"coverageSumInsuredInput":0.0,"coverageSumInsured":0.00,"riderNameEn":"\u0E41\u0E04\u0E23\u0E4C \u0E1E\u0E25\u0E31\u0E2A","riderNameLocal":"\u0E2A\u0E31\u0E0D\u0E0D\u0E32\u0E40\u0E1E\u0E34\u0E48\u0E21\u0E40\u0E15\u0E34\u0E21 \u0E41\u0E04\u0E23\u0E4C \u0E1E\u0E25\u0E31\u0E2A \u0E2A\u0E33\u0E2B\u0E23\u0E31\u0E1A\u0E44\u0E15\u0E27\u0E32\u0E22\u0E40\u0E23\u0E37\u0E49\u0E2D\u0E23\u0E31\u0E07","compulsory":0,"recommend":0,"premium":0.00,"discount":0.00,"extra":0.00,"total":0.00,"tax":0.00,"groupMasterId":3,"groupMasterName":"\u0E01\u0E25\u0E38\u0E48\u0E21\u0E42\u0E23\u0E04\u0E23\u0E49\u0E32\u0E22\u0E41\u0E23\u0E07","riderTypeSMP":"CARE_PLUS_K","selected":false,"orderNumber":240,"moreInfo":[],"premiumTotalAll":0.0,"riderTypeDisplay":"CARE_PLUS_K"},{"riderType":"CARE_PLUS_A","required":0,"coverageCode":"","coverageAS400":"","coverageReport":"","coverageName":null,"coverageNameEN":null,"coverageSumInsuredInput":0.0,"coverageSumInsured":0.00,"riderNameEn":"\u0E41\u0E04\u0E23\u0E4C \u0E1E\u0E25\u0E31\u0E2A","riderNameLocal":"\u0E2A\u0E31\u0E0D\u0E0D\u0E32\u0E40\u0E1E\u0E34\u0E48\u0E21\u0E40\u0E15\u0E34\u0E21 \u0E41\u0E04\u0E23\u0E4C \u0E1E\u0E25\u0E31\u0E2A \u0E2A\u0E33\u0E2B\u0E23\u0E31\u0E1A\u0E42\u0E23\u0E04\u0E21\u0E30\u0E40\u0E23\u0E47\u0E07\u0E41\u0E25\u0E30\u0E44\u0E15\u0E27\u0E32\u0E22\u0E40\u0E23\u0E37\u0E49\u0E2D\u0E23\u0E31\u0E07","compulsory":0,"recommend":0,"premium":0.00,"discount":0.00,"extra":0.00,"total":0.00,"tax":0.00,"groupMasterId":3,"groupMasterName":"\u0E01\u0E25\u0E38\u0E48\u0E21\u0E42\u0E23\u0E04\u0E23\u0E49\u0E32\u0E22\u0E41\u0E23\u0E07","riderTypeSMP":"CARE_PLUS_A","selected":false,"orderNumber":241,"moreInfo":[],"premiumTotalAll":0.0,"riderTypeDisplay":"CARE_PLUS_A"}],"coverageYear":0} </msg>
<msg timestamp="20230516 17:24:15.981" level="INFO">To JSON using : pretty_print=False </msg>
<msg timestamp="20230516 17:24:15.982" level="INFO">${response_json} = {'referenceId': 'LHBANK-20230516001680637', 'totalSumInsured': '150000', 'remarkEn': 'Forced buying Elite Health Rider/ บังคับแนบสัญญาเพิ่มเติมการประกันภัยสุขภาพ แบบ อีลิท เฮลท์', 'remarkLocal': 'บังค...</msg>
<status status="PASS" starttime="20230516 17:24:15.980" endtime="20230516 17:24:15.982"/>
</kw>
<kw name="Log" library="BuiltIn">
<arg>${response_json}</arg>
<doc>Logs the given message with the given level.</doc>
<msg timestamp="20230516 17:24:15.982" level="INFO">{'referenceId': 'LHBANK-20230516001680637', 'totalSumInsured': '150000', 'remarkEn': 'Forced buying Elite Health Rider/ บังคับแนบสัญญาเพิ่มเติมการประกันภัยสุขภาพ แบบ อีลิท เฮลท์', 'remarkLocal': 'บังคับแนบสัญญาเพิ่มเติมการประกันภัยสุขภาพ แบบ อีลิท เฮลท์', 'hint': None, 'premiumBFDiscount': 329.25, 'premiumAFDiscount': 329.25, 'discount': 0.0, 'extra': 26.4, 'taxProduct': 355.65, 'taxRider': 0.0, 'taxEMB': 0.0, 'taxCode': '172', 'tax': 0.0, 'isTax': 0, 'total': 355.65, 'riders': [{'riderType': 'ELITE_HEALTH', 'required': 1, 'coverageCode': '', 'coverageAS400': '', 'coverageReport': '', 'coverageName': None, 'coverageNameEN': None, 'coverageSumInsuredInput': 0.0, 'coverageSumInsured': 0.0, 'riderNameEn': 'Elite Health Plus Rider', 'riderNameLocal': 'สัญญาเพิ่มเติมการประกันภัยสุขภาพแบบ อีลิท เฮลท์ พลัส (Elite Health Plus)', 'compulsory': 0, 'recommend': 0, 'premium': 0.0, 'discount': 0.0, 'extra': 0.0, 'total': 0.0, 'tax': 0.0, 'groupMasterId': 2, 'groupMasterName': 'กลุ่มสุขภาพ', 'riderTypeSMP': 'ELITE_HEALTH', 'selected': False, 'orderNumber': 14, 'moreInfo': [], 'premiumTotalAll': 0.0, 'riderTypeDisplay': 'ELITE_HEALTH'}, {'riderType': 'WELL_BEING', 'required': 0, 'coverageCode': '', 'coverageAS400': '', 'coverageReport': '', 'coverageName': None, 'coverageNameEN': None, 'coverageSumInsuredInput': 0.0, 'coverageSumInsured': 0.0, 'riderNameEn': 'Endorsement of D Plus (Well-Being Plus)', 'riderNameLocal': 'บันทึกสลักหลัง สุขภาพดี พลัส (Well-Being Plus)', 'compulsory': 0, 'recommend': 0, 'premium': 0.0, 'discount': 0.0, 'extra': 0.0, 'total': 0.0, 'tax': 0.0, 'groupMasterId': 2, 'groupMasterName': 'กลุ่มสุขภาพ', 'riderTypeSMP': 'WELL_BEING', 'selected': False, 'orderNumber': 16, 'moreInfo': [], 'premiumTotalAll': 0.0, 'riderTypeDisplay': 'WELL_BEING'}, {'riderType': 'CARE_PLUS_C', 'required': 0, 'coverageCode': '', 'coverageAS400': '', 'coverageReport': '', 'coverageName': None, 'coverageNameEN': None, 'coverageSumInsuredInput': 0.0, 'coverageSumInsured': 0.0, 'riderNameEn': 'แคร์ พลัส', 'riderNameLocal': 'สัญญาเพิ่มเติม แคร์ พลัส สำหรับโรคมะเร็ง', 'compulsory': 0, 'recommend': 0, 'premium': 0.0, 'discount': 0.0, 'extra': 0.0, 'total': 0.0, 'tax': 0.0, 'groupMasterId': 3, 'groupMasterName': 'กลุ่มโรคร้ายแรง', 'riderTypeSMP': 'CARE_PLUS_C', 'selected': False, 'orderNumber': 239, 'moreInfo': [], 'premiumTotalAll': 0.0, 'riderTypeDisplay': 'CARE_PLUS_C'}, {'riderType': 'CARE_PLUS_K', 'required': 0, 'coverageCode': '', 'coverageAS400': '', 'coverageReport': '', 'coverageName': None, 'coverageNameEN': None, 'coverageSumInsuredInput': 0.0, 'coverageSumInsured': 0.0, 'riderNameEn': 'แคร์ พลัส', 'riderNameLocal': 'สัญญาเพิ่มเติม แคร์ พลัส สำหรับไตวายเรื้อรัง', 'compulsory': 0, 'recommend': 0, 'premium': 0.0, 'discount': 0.0, 'extra': 0.0, 'total': 0.0, 'tax': 0.0, 'groupMasterId': 3, 'groupMasterName': 'กลุ่มโรคร้ายแรง', 'riderTypeSMP': 'CARE_PLUS_K', 'selected': False, 'orderNumber': 240, 'moreInfo': [], 'premiumTotalAll': 0.0, 'riderTypeDisplay': 'CARE_PLUS_K'}, {'riderType': 'CARE_PLUS_A', 'required': 0, 'coverageCode': '', 'coverageAS400': '', 'coverageReport': '', 'coverageName': None, 'coverageNameEN': None, 'coverageSumInsuredInput': 0.0, 'coverageSumInsured': 0.0, 'riderNameEn': 'แคร์ พลัส', 'riderNameLocal': 'สัญญาเพิ่มเติม แคร์ พลัส สำหรับโรคมะเร็งและไตวายเรื้อรัง', 'compulsory': 0, 'recommend': 0, 'premium': 0.0, 'discount': 0.0, 'extra': 0.0, 'total': 0.0, 'tax': 0.0, 'groupMasterId': 3, 'groupMasterName': 'กลุ่มโรคร้ายแรง', 'riderTypeSMP': 'CARE_PLUS_A', 'selected': False, 'orderNumber': 241, 'moreInfo': [], 'premiumTotalAll': 0.0, 'riderTypeDisplay': 'CARE_PLUS_A'}], 'coverageYear': 0}</msg>
<status status="PASS" starttime="20230516 17:24:15.982" endtime="20230516 17:24:15.982"/>
</kw>
<kw name="Set Test Variable" library="BuiltIn">
<arg>${response}</arg>
<doc>Makes a variable available everywhere within the scope of the current test.</doc>
<msg timestamp="20230516 17:24:15.982" level="INFO">${response} = &lt;Response [200]&gt;</msg>
<status status="PASS" starttime="20230516 17:24:15.982" endtime="20230516 17:24:15.982"/>
</kw>
<kw name="Set Test Variable" library="BuiltIn">
<arg>${response_json}</arg>
<doc>Makes a variable available everywhere within the scope of the current test.</doc>
<msg timestamp="20230516 17:24:15.983" level="INFO">${response_json} = {'referenceId': 'LHBANK-20230516001680637', 'totalSumInsured': '150000', 'remarkEn': 'Forced buying Elite Health Rider/ บังคับแนบสัญญาเพิ่มเติมการประกันภัยสุขภาพ แบบ อีลิท เฮลท์', 'remarkLocal': 'บังค...</msg>
<status status="PASS" starttime="20230516 17:24:15.982" endtime="20230516 17:24:15.983"/>
</kw>
<status status="PASS" starttime="20230516 17:24:15.699" endtime="20230516 17:24:15.983"/>
</kw>
<doc>test call api to create coverage</doc>
<tag>integration</tag>
<tag>success</tag>
<status status="PASS" starttime="20230516 17:24:15.696" endtime="20230516 17:24:15.983"/>
</test>
<test id="s1-s1-t3" name="TC_003 Success - Open cal premium" line="29">
<kw name="Given Common - Prepare json request" library="common">
<arg>${cal_premium_success}</arg>
<kw name="Common - Convert Dictionary to JSON" library="common">
<arg>${request}</arg>
<kw name="Evaluate" library="BuiltIn">
<var>${source_data}</var>
<arg>json.dumps(${source_data})</arg>
<doc>Evaluates the given expression in Python and returns the result.</doc>
<msg timestamp="20230516 17:24:15.984" level="INFO">${source_data} = {"planCode": "WON206", "paymentMode": "01", "sumInsured": "150000", "birthdate": "08-06-1987", "gender": "M", "occupationCode": "\u0e01006002", "channelId": "LHBANK", "language": "TH", "isTakaful": "0...</msg>
<status status="PASS" starttime="20230516 17:24:15.984" endtime="20230516 17:24:15.984"/>
</kw>
<kw name="Log" library="BuiltIn">
<arg>${source_data}</arg>
<doc>Logs the given message with the given level.</doc>
<msg timestamp="20230516 17:24:15.984" level="INFO">{"planCode": "WON206", "paymentMode": "01", "sumInsured": "150000", "birthdate": "08-06-1987", "gender": "M", "occupationCode": "\u0e01006002", "channelId": "LHBANK", "language": "TH", "isTakaful": "0", "payerAge": "34", "payerGender": "M"}</msg>
<status status="PASS" starttime="20230516 17:24:15.984" endtime="20230516 17:24:15.984"/>
</kw>
<kw name="Set Suite Variable" library="BuiltIn">
<arg>${json_request}</arg>
<arg>${source_data}</arg>
<doc>Makes a variable available everywhere within the scope of the current suite.</doc>
<msg timestamp="20230516 17:24:15.985" level="INFO">${json_request} = {"planCode": "WON206", "paymentMode": "01", "sumInsured": "150000", "birthdate": "08-06-1987", "gender": "M", "occupationCode": "\u0e01006002", "channelId": "LHBANK", "language": "TH", "isTakaful": "0...</msg>
<status status="PASS" starttime="20230516 17:24:15.984" endtime="20230516 17:24:15.985"/>
</kw>
<kw name="Log" library="BuiltIn">
<arg>${json_request}</arg>
<doc>Logs the given message with the given level.</doc>
<msg timestamp="20230516 17:24:15.985" level="INFO">{"planCode": "WON206", "paymentMode": "01", "sumInsured": "150000", "birthdate": "08-06-1987", "gender": "M", "occupationCode": "\u0e01006002", "channelId": "LHBANK", "language": "TH", "isTakaful": "0", "payerAge": "34", "payerGender": "M"}</msg>
<status status="PASS" starttime="20230516 17:24:15.985" endtime="20230516 17:24:15.985"/>
</kw>
<status status="PASS" starttime="20230516 17:24:15.984" endtime="20230516 17:24:15.985"/>
</kw>
<status status="PASS" starttime="20230516 17:24:15.983" endtime="20230516 17:24:15.985"/>
</kw>
<kw name="When API - Post request create coverages" library="cal_premium_api">
<arg>${json_request}</arg>
<kw name="Create Dictionary" library="BuiltIn">
<var>${headers}</var>
<arg>Content-Type=application/json</arg>
<arg>x-api-key=onlinesales-linebk</arg>
<arg>apikey=l77300ed94df894b4193945ee1d8602fbd</arg>
<doc>Creates and returns a dictionary based on the given ``items``.</doc>
<msg timestamp="20230516 17:24:15.985" level="INFO">${headers} = {'Content-Type': 'application/json', 'x-api-key': 'onlinesales-linebk', 'apikey': 'l77300ed94df894b4193945ee1d8602fbd'}</msg>
<status status="PASS" starttime="20230516 17:24:15.985" endtime="20230516 17:24:15.985"/>
</kw>
<kw name="POST" library="RequestsLibrary">
<var>${response}</var>
<arg>url=${base_url}${api_url}</arg>
<arg>data=${request_body}</arg>
<arg>headers=${headers}</arg>
<arg>expected_status=${http_status}</arg>
<doc>Sends a POST request.</doc>
<msg timestamp="20230516 17:24:16.273" level="INFO">POST Request : url=https://mtlgw-uat.muangthai.co.th/sit/api/productcenter/calculate/calculatePremium/generic 
 path_url=/sit/api/productcenter/calculate/calculatePremium/generic 
 headers={'User-Agent': 'python-requests/2.30.0', 'Accept-Encoding': 'gzip, deflate', 'Accept': '*/*', 'Connection': 'keep-alive', 'Content-Type': 'application/json', 'x-api-key': 'onlinesales-linebk', 'apikey': 'l77300ed94df894b4193945ee1d8602fbd', 'Content-Length': '240'} 
 body={"planCode": "WON206", "paymentMode": "01", "sumInsured": "150000", "birthdate": "08-06-1987", "gender": "M", "occupationCode": "\u0e01006002", "channelId": "LHBANK", "language": "TH", "isTakaful": "0", "payerAge": "34", "payerGender": "M"} 
 </msg>
<msg timestamp="20230516 17:24:16.274" level="INFO">POST Response : url=https://mtlgw-uat.muangthai.co.th/sit/api/productcenter/calculate/calculatePremium/generic 
 status=200, reason= 
 headers={'Strict-Transport-Security': 'max-age=31536000; includeSubDomains', 'X-XSS-Protection': '1; mode=block', 'X-Content-Type-Options': 'nosniff', 'Content-Security-Policy': "script-src 'self'", 'X-Frame-Options': 'Deny', 'Content-Encoding': 'gzip', 'Content-Type': 'application/json;charset=utf-8', 'Content-Length': '855', 'Date': 'Tue, 16 May 2023 10:24:16 GMT', 'Keep-Alive': 'timeout=60', 'Connection': 'keep-alive', 'Set-Cookie': 'TS0134fa9b=01aacec67d47ce771d003320a74035c47cc3ba7586a8758baa01158a995b5babf1a542cac954daeb95e84fb69b249508243d1c180b; Path=/; Domain=.mtlgw-uat.muangthai.co.th'} 
 body={"referenceId":"LHBANK-20230516001680638","totalSumInsured":"150000","remarkEn":"Forced buying Elite Health Rider/ \u0E1A\u0E31\u0E07\u0E04\u0E31\u0E1A\u0E41\u0E19\u0E1A\u0E2A\u0E31\u0E0D\u0E0D\u0E32\u0E40\u0E1E\u0E34\u0E48\u0E21\u0E40\u0E15\u0E34\u0E21\u0E01\u0E32\u0E23\u0E1B\u0E23\u0E30\u0E01\u0E31\u0E19\u0E20\u0E31\u0E22\u0E2A\u0E38\u0E02\u0E20\u0E32\u0E1E \u0E41\u0E1A\u0E1A \u0E2D\u0E35\u0E25\u0E34\u0E17 \u0E40\u0E2E\u0E25\u0E17\u0E4C","remarkLocal":"\u0E1A\u0E31\u0E07\u0E04\u0E31\u0E1A\u0E41\u0E19\u0E1A\u0E2A\u0E31\u0E0D\u0E0D\u0E32\u0E40\u0E1E\u0E34\u0E48\u0E21\u0E40\u0E15\u0E34\u0E21\u0E01\u0E32\u0E23\u0E1B\u0E23\u0E30\u0E01\u0E31\u0E19\u0E20\u0E31\u0E22\u0E2A\u0E38\u0E02\u0E20\u0E32\u0E1E \u0E41\u0E1A\u0E1A \u0E2D\u0E35\u0E25\u0E34\u0E17 \u0E40\u0E2E\u0E25\u0E17\u0E4C","hint":null,"premiumBFDiscount":329.25,"premiumAFDiscount":329.25,"discount":0.00,"extra":26.40,"taxProduct":355.65,"taxRider":0.00,"taxEMB":0.00,"taxCode":"172","tax":0.00,"isTax":0,"total":355.65,"riders":[{"riderType":"ELITE_HEALTH","required":1,"coverageCode":"","coverageAS400":"","coverageReport":"","coverageName":null,"coverageNameEN":null,"coverageSumInsuredInput":0.0,"coverageSumInsured":0.00,"riderNameEn":"Elite Health Plus Rider","riderNameLocal":"\u0E2A\u0E31\u0E0D\u0E0D\u0E32\u0E40\u0E1E\u0E34\u0E48\u0E21\u0E40\u0E15\u0E34\u0E21\u0E01\u0E32\u0E23\u0E1B\u0E23\u0E30\u0E01\u0E31\u0E19\u0E20\u0E31\u0E22\u0E2A\u0E38\u0E02\u0E20\u0E32\u0E1E\u0E41\u0E1A\u0E1A \u0E2D\u0E35\u0E25\u0E34\u0E17 \u0E40\u0E2E\u0E25\u0E17\u0E4C \u0E1E\u0E25\u0E31\u0E2A (Elite Health Plus)","compulsory":0,"recommend":0,"premium":0.00,"discount":0.00,"extra":0.00,"total":0.00,"tax":0.00,"groupMasterId":2,"groupMasterName":"\u0E01\u0E25\u0E38\u0E48\u0E21\u0E2A\u0E38\u0E02\u0E20\u0E32\u0E1E","riderTypeSMP":"ELITE_HEALTH","selected":false,"orderNumber":14,"moreInfo":[],"premiumTotalAll":0.0,"riderTypeDisplay":"ELITE_HEALTH"},{"riderType":"WELL_BEING","required":0,"coverageCode":"","coverageAS400":"","coverageReport":"","coverageName":null,"coverageNameEN":null,"coverageSumInsuredInput":0.0,"coverageSumInsured":0.00,"riderNameEn":"Endorsement of D Plus (Well-Being Plus)","riderNameLocal":"\u0E1A\u0E31\u0E19\u0E17\u0E36\u0E01\u0E2A\u0E25\u0E31\u0E01\u0E2B\u0E25\u0E31\u0E07 \u0E2A\u0E38\u0E02\u0E20\u0E32\u0E1E\u0E14\u0E35 \u0E1E\u0E25\u0E31\u0E2A (Well-Being Plus)","compulsory":0,"recommend":0,"premium":0.00,"discount":0.00,"extra":0.00,"total":0.00,"tax":0.00,"groupMasterId":2,"groupMasterName":"\u0E01\u0E25\u0E38\u0E48\u0E21\u0E2A\u0E38\u0E02\u0E20\u0E32\u0E1E","riderTypeSMP":"WELL_BEING","selected":false,"orderNumber":16,"moreInfo":[],"premiumTotalAll":0.0,"riderTypeDisplay":"WELL_BEING"},{"riderType":"CARE_PLUS_C","required":0,"coverageCode":"","coverageAS400":"","coverageReport":"","coverageName":null,"coverageNameEN":null,"coverageSumInsuredInput":0.0,"coverageSumInsured":0.00,"riderNameEn":"\u0E41\u0E04\u0E23\u0E4C \u0E1E\u0E25\u0E31\u0E2A","riderNameLocal":"\u0E2A\u0E31\u0E0D\u0E0D\u0E32\u0E40\u0E1E\u0E34\u0E48\u0E21\u0E40\u0E15\u0E34\u0E21 \u0E41\u0E04\u0E23\u0E4C \u0E1E\u0E25\u0E31\u0E2A \u0E2A\u0E33\u0E2B\u0E23\u0E31\u0E1A\u0E42\u0E23\u0E04\u0E21\u0E30\u0E40\u0E23\u0E47\u0E07","compulsory":0,"recommend":0,"premium":0.00,"discount":0.00,"extra":0.00,"total":0.00,"tax":0.00,"groupMasterId":3,"groupMasterName":"\u0E01\u0E25\u0E38\u0E48\u0E21\u0E42\u0E23\u0E04\u0E23\u0E49\u0E32\u0E22\u0E41\u0E23\u0E07","riderTypeSMP":"CARE_PLUS_C","selected":false,"orderNumber":239,"moreInfo":[],"premiumTotalAll":0.0,"riderTypeDisplay":"CARE_PLUS_C"},{"riderType":"CARE_PLUS_K","required":0,"coverageCode":"","coverageAS400":"","coverageReport":"","coverageName":null,"coverageNameEN":null,"coverageSumInsuredInput":0.0,"coverageSumInsured":0.00,"riderNameEn":"\u0E41\u0E04\u0E23\u0E4C \u0E1E\u0E25\u0E31\u0E2A","riderNameLocal":"\u0E2A\u0E31\u0E0D\u0E0D\u0E32\u0E40\u0E1E\u0E34\u0E48\u0E21\u0E40\u0E15\u0E34\u0E21 \u0E41\u0E04\u0E23\u0E4C \u0E1E\u0E25\u0E31\u0E2A \u0E2A\u0E33\u0E2B\u0E23\u0E31\u0E1A\u0E44\u0E15\u0E27\u0E32\u0E22\u0E40\u0E23\u0E37\u0E49\u0E2D\u0E23\u0E31\u0E07","compulsory":0,"recommend":0,"premium":0.00,"discount":0.00,"extra":0.00,"total":0.00,"tax":0.00,"groupMasterId":3,"groupMasterName":"\u0E01\u0E25\u0E38\u0E48\u0E21\u0E42\u0E23\u0E04\u0E23\u0E49\u0E32\u0E22\u0E41\u0E23\u0E07","riderTypeSMP":"CARE_PLUS_K","selected":false,"orderNumber":240,"moreInfo":[],"premiumTotalAll":0.0,"riderTypeDisplay":"CARE_PLUS_K"},{"riderType":"CARE_PLUS_A","required":0,"coverageCode":"","coverageAS400":"","coverageReport":"","coverageName":null,"coverageNameEN":null,"coverageSumInsuredInput":0.0,"coverageSumInsured":0.00,"riderNameEn":"\u0E41\u0E04\u0E23\u0E4C \u0E1E\u0E25\u0E31\u0E2A","riderNameLocal":"\u0E2A\u0E31\u0E0D\u0E0D\u0E32\u0E40\u0E1E\u0E34\u0E48\u0E21\u0E40\u0E15\u0E34\u0E21 \u0E41\u0E04\u0E23\u0E4C \u0E1E\u0E25\u0E31\u0E2A \u0E2A\u0E33\u0E2B\u0E23\u0E31\u0E1A\u0E42\u0E23\u0E04\u0E21\u0E30\u0E40\u0E23\u0E47\u0E07\u0E41\u0E25\u0E30\u0E44\u0E15\u0E27\u0E32\u0E22\u0E40\u0E23\u0E37\u0E49\u0E2D\u0E23\u0E31\u0E07","compulsory":0,"recommend":0,"premium":0.00,"discount":0.00,"extra":0.00,"total":0.00,"tax":0.00,"groupMasterId":3,"groupMasterName":"\u0E01\u0E25\u0E38\u0E48\u0E21\u0E42\u0E23\u0E04\u0E23\u0E49\u0E32\u0E22\u0E41\u0E23\u0E07","riderTypeSMP":"CARE_PLUS_A","selected":false,"orderNumber":241,"moreInfo":[],"premiumTotalAll":0.0,"riderTypeDisplay":"CARE_PLUS_A"}],"coverageYear":0} 
 </msg>
<msg timestamp="20230516 17:24:16.274" level="INFO">${response} = &lt;Response [200]&gt;</msg>
<status status="PASS" starttime="20230516 17:24:15.986" endtime="20230516 17:24:16.274"/>
</kw>
<kw name="To Json" library="RequestsLibrary">
<var>${response_json}</var>
<arg>${response.content}</arg>
<doc>*DEPRECATED* Please use ${resp.json()} instead. Have a look at the improved HTML output as pretty printing replacement.</doc>
<msg timestamp="20230516 17:24:16.274" level="WARN">Keyword 'RequestsLibrary.To Json' is deprecated. Please use ${resp.json()} instead. Have a look at the improved HTML output as pretty printing replacement.</msg>
<msg timestamp="20230516 17:24:16.275" level="INFO">To JSON using : content={"referenceId":"LHBANK-20230516001680638","totalSumInsured":"150000","remarkEn":"Forced buying Elite Health Rider/ \u0E1A\u0E31\u0E07\u0E04\u0E31\u0E1A\u0E41\u0E19\u0E1A\u0E2A\u0E31\u0E0D\u0E0D\u0E32\u0E40\u0E1E\u0E34\u0E48\u0E21\u0E40\u0E15\u0E34\u0E21\u0E01\u0E32\u0E23\u0E1B\u0E23\u0E30\u0E01\u0E31\u0E19\u0E20\u0E31\u0E22\u0E2A\u0E38\u0E02\u0E20\u0E32\u0E1E \u0E41\u0E1A\u0E1A \u0E2D\u0E35\u0E25\u0E34\u0E17 \u0E40\u0E2E\u0E25\u0E17\u0E4C","remarkLocal":"\u0E1A\u0E31\u0E07\u0E04\u0E31\u0E1A\u0E41\u0E19\u0E1A\u0E2A\u0E31\u0E0D\u0E0D\u0E32\u0E40\u0E1E\u0E34\u0E48\u0E21\u0E40\u0E15\u0E34\u0E21\u0E01\u0E32\u0E23\u0E1B\u0E23\u0E30\u0E01\u0E31\u0E19\u0E20\u0E31\u0E22\u0E2A\u0E38\u0E02\u0E20\u0E32\u0E1E \u0E41\u0E1A\u0E1A \u0E2D\u0E35\u0E25\u0E34\u0E17 \u0E40\u0E2E\u0E25\u0E17\u0E4C","hint":null,"premiumBFDiscount":329.25,"premiumAFDiscount":329.25,"discount":0.00,"extra":26.40,"taxProduct":355.65,"taxRider":0.00,"taxEMB":0.00,"taxCode":"172","tax":0.00,"isTax":0,"total":355.65,"riders":[{"riderType":"ELITE_HEALTH","required":1,"coverageCode":"","coverageAS400":"","coverageReport":"","coverageName":null,"coverageNameEN":null,"coverageSumInsuredInput":0.0,"coverageSumInsured":0.00,"riderNameEn":"Elite Health Plus Rider","riderNameLocal":"\u0E2A\u0E31\u0E0D\u0E0D\u0E32\u0E40\u0E1E\u0E34\u0E48\u0E21\u0E40\u0E15\u0E34\u0E21\u0E01\u0E32\u0E23\u0E1B\u0E23\u0E30\u0E01\u0E31\u0E19\u0E20\u0E31\u0E22\u0E2A\u0E38\u0E02\u0E20\u0E32\u0E1E\u0E41\u0E1A\u0E1A \u0E2D\u0E35\u0E25\u0E34\u0E17 \u0E40\u0E2E\u0E25\u0E17\u0E4C \u0E1E\u0E25\u0E31\u0E2A (Elite Health Plus)","compulsory":0,"recommend":0,"premium":0.00,"discount":0.00,"extra":0.00,"total":0.00,"tax":0.00,"groupMasterId":2,"groupMasterName":"\u0E01\u0E25\u0E38\u0E48\u0E21\u0E2A\u0E38\u0E02\u0E20\u0E32\u0E1E","riderTypeSMP":"ELITE_HEALTH","selected":false,"orderNumber":14,"moreInfo":[],"premiumTotalAll":0.0,"riderTypeDisplay":"ELITE_HEALTH"},{"riderType":"WELL_BEING","required":0,"coverageCode":"","coverageAS400":"","coverageReport":"","coverageName":null,"coverageNameEN":null,"coverageSumInsuredInput":0.0,"coverageSumInsured":0.00,"riderNameEn":"Endorsement of D Plus (Well-Being Plus)","riderNameLocal":"\u0E1A\u0E31\u0E19\u0E17\u0E36\u0E01\u0E2A\u0E25\u0E31\u0E01\u0E2B\u0E25\u0E31\u0E07 \u0E2A\u0E38\u0E02\u0E20\u0E32\u0E1E\u0E14\u0E35 \u0E1E\u0E25\u0E31\u0E2A (Well-Being Plus)","compulsory":0,"recommend":0,"premium":0.00,"discount":0.00,"extra":0.00,"total":0.00,"tax":0.00,"groupMasterId":2,"groupMasterName":"\u0E01\u0E25\u0E38\u0E48\u0E21\u0E2A\u0E38\u0E02\u0E20\u0E32\u0E1E","riderTypeSMP":"WELL_BEING","selected":false,"orderNumber":16,"moreInfo":[],"premiumTotalAll":0.0,"riderTypeDisplay":"WELL_BEING"},{"riderType":"CARE_PLUS_C","required":0,"coverageCode":"","coverageAS400":"","coverageReport":"","coverageName":null,"coverageNameEN":null,"coverageSumInsuredInput":0.0,"coverageSumInsured":0.00,"riderNameEn":"\u0E41\u0E04\u0E23\u0E4C \u0E1E\u0E25\u0E31\u0E2A","riderNameLocal":"\u0E2A\u0E31\u0E0D\u0E0D\u0E32\u0E40\u0E1E\u0E34\u0E48\u0E21\u0E40\u0E15\u0E34\u0E21 \u0E41\u0E04\u0E23\u0E4C \u0E1E\u0E25\u0E31\u0E2A \u0E2A\u0E33\u0E2B\u0E23\u0E31\u0E1A\u0E42\u0E23\u0E04\u0E21\u0E30\u0E40\u0E23\u0E47\u0E07","compulsory":0,"recommend":0,"premium":0.00,"discount":0.00,"extra":0.00,"total":0.00,"tax":0.00,"groupMasterId":3,"groupMasterName":"\u0E01\u0E25\u0E38\u0E48\u0E21\u0E42\u0E23\u0E04\u0E23\u0E49\u0E32\u0E22\u0E41\u0E23\u0E07","riderTypeSMP":"CARE_PLUS_C","selected":false,"orderNumber":239,"moreInfo":[],"premiumTotalAll":0.0,"riderTypeDisplay":"CARE_PLUS_C"},{"riderType":"CARE_PLUS_K","required":0,"coverageCode":"","coverageAS400":"","coverageReport":"","coverageName":null,"coverageNameEN":null,"coverageSumInsuredInput":0.0,"coverageSumInsured":0.00,"riderNameEn":"\u0E41\u0E04\u0E23\u0E4C \u0E1E\u0E25\u0E31\u0E2A","riderNameLocal":"\u0E2A\u0E31\u0E0D\u0E0D\u0E32\u0E40\u0E1E\u0E34\u0E48\u0E21\u0E40\u0E15\u0E34\u0E21 \u0E41\u0E04\u0E23\u0E4C \u0E1E\u0E25\u0E31\u0E2A \u0E2A\u0E33\u0E2B\u0E23\u0E31\u0E1A\u0E44\u0E15\u0E27\u0E32\u0E22\u0E40\u0E23\u0E37\u0E49\u0E2D\u0E23\u0E31\u0E07","compulsory":0,"recommend":0,"premium":0.00,"discount":0.00,"extra":0.00,"total":0.00,"tax":0.00,"groupMasterId":3,"groupMasterName":"\u0E01\u0E25\u0E38\u0E48\u0E21\u0E42\u0E23\u0E04\u0E23\u0E49\u0E32\u0E22\u0E41\u0E23\u0E07","riderTypeSMP":"CARE_PLUS_K","selected":false,"orderNumber":240,"moreInfo":[],"premiumTotalAll":0.0,"riderTypeDisplay":"CARE_PLUS_K"},{"riderType":"CARE_PLUS_A","required":0,"coverageCode":"","coverageAS400":"","coverageReport":"","coverageName":null,"coverageNameEN":null,"coverageSumInsuredInput":0.0,"coverageSumInsured":0.00,"riderNameEn":"\u0E41\u0E04\u0E23\u0E4C \u0E1E\u0E25\u0E31\u0E2A","riderNameLocal":"\u0E2A\u0E31\u0E0D\u0E0D\u0E32\u0E40\u0E1E\u0E34\u0E48\u0E21\u0E40\u0E15\u0E34\u0E21 \u0E41\u0E04\u0E23\u0E4C \u0E1E\u0E25\u0E31\u0E2A \u0E2A\u0E33\u0E2B\u0E23\u0E31\u0E1A\u0E42\u0E23\u0E04\u0E21\u0E30\u0E40\u0E23\u0E47\u0E07\u0E41\u0E25\u0E30\u0E44\u0E15\u0E27\u0E32\u0E22\u0E40\u0E23\u0E37\u0E49\u0E2D\u0E23\u0E31\u0E07","compulsory":0,"recommend":0,"premium":0.00,"discount":0.00,"extra":0.00,"total":0.00,"tax":0.00,"groupMasterId":3,"groupMasterName":"\u0E01\u0E25\u0E38\u0E48\u0E21\u0E42\u0E23\u0E04\u0E23\u0E49\u0E32\u0E22\u0E41\u0E23\u0E07","riderTypeSMP":"CARE_PLUS_A","selected":false,"orderNumber":241,"moreInfo":[],"premiumTotalAll":0.0,"riderTypeDisplay":"CARE_PLUS_A"}],"coverageYear":0} </msg>
<msg timestamp="20230516 17:24:16.275" level="INFO">To JSON using : pretty_print=False </msg>
<msg timestamp="20230516 17:24:16.275" level="INFO">${response_json} = {'referenceId': 'LHBANK-20230516001680638', 'totalSumInsured': '150000', 'remarkEn': 'Forced buying Elite Health Rider/ บังคับแนบสัญญาเพิ่มเติมการประกันภัยสุขภาพ แบบ อีลิท เฮลท์', 'remarkLocal': 'บังค...</msg>
<status status="PASS" starttime="20230516 17:24:16.274" endtime="20230516 17:24:16.275"/>
</kw>
<kw name="Log" library="BuiltIn">
<arg>${response_json}</arg>
<doc>Logs the given message with the given level.</doc>
<msg timestamp="20230516 17:24:16.276" level="INFO">{'referenceId': 'LHBANK-20230516001680638', 'totalSumInsured': '150000', 'remarkEn': 'Forced buying Elite Health Rider/ บังคับแนบสัญญาเพิ่มเติมการประกันภัยสุขภาพ แบบ อีลิท เฮลท์', 'remarkLocal': 'บังคับแนบสัญญาเพิ่มเติมการประกันภัยสุขภาพ แบบ อีลิท เฮลท์', 'hint': None, 'premiumBFDiscount': 329.25, 'premiumAFDiscount': 329.25, 'discount': 0.0, 'extra': 26.4, 'taxProduct': 355.65, 'taxRider': 0.0, 'taxEMB': 0.0, 'taxCode': '172', 'tax': 0.0, 'isTax': 0, 'total': 355.65, 'riders': [{'riderType': 'ELITE_HEALTH', 'required': 1, 'coverageCode': '', 'coverageAS400': '', 'coverageReport': '', 'coverageName': None, 'coverageNameEN': None, 'coverageSumInsuredInput': 0.0, 'coverageSumInsured': 0.0, 'riderNameEn': 'Elite Health Plus Rider', 'riderNameLocal': 'สัญญาเพิ่มเติมการประกันภัยสุขภาพแบบ อีลิท เฮลท์ พลัส (Elite Health Plus)', 'compulsory': 0, 'recommend': 0, 'premium': 0.0, 'discount': 0.0, 'extra': 0.0, 'total': 0.0, 'tax': 0.0, 'groupMasterId': 2, 'groupMasterName': 'กลุ่มสุขภาพ', 'riderTypeSMP': 'ELITE_HEALTH', 'selected': False, 'orderNumber': 14, 'moreInfo': [], 'premiumTotalAll': 0.0, 'riderTypeDisplay': 'ELITE_HEALTH'}, {'riderType': 'WELL_BEING', 'required': 0, 'coverageCode': '', 'coverageAS400': '', 'coverageReport': '', 'coverageName': None, 'coverageNameEN': None, 'coverageSumInsuredInput': 0.0, 'coverageSumInsured': 0.0, 'riderNameEn': 'Endorsement of D Plus (Well-Being Plus)', 'riderNameLocal': 'บันทึกสลักหลัง สุขภาพดี พลัส (Well-Being Plus)', 'compulsory': 0, 'recommend': 0, 'premium': 0.0, 'discount': 0.0, 'extra': 0.0, 'total': 0.0, 'tax': 0.0, 'groupMasterId': 2, 'groupMasterName': 'กลุ่มสุขภาพ', 'riderTypeSMP': 'WELL_BEING', 'selected': False, 'orderNumber': 16, 'moreInfo': [], 'premiumTotalAll': 0.0, 'riderTypeDisplay': 'WELL_BEING'}, {'riderType': 'CARE_PLUS_C', 'required': 0, 'coverageCode': '', 'coverageAS400': '', 'coverageReport': '', 'coverageName': None, 'coverageNameEN': None, 'coverageSumInsuredInput': 0.0, 'coverageSumInsured': 0.0, 'riderNameEn': 'แคร์ พลัส', 'riderNameLocal': 'สัญญาเพิ่มเติม แคร์ พลัส สำหรับโรคมะเร็ง', 'compulsory': 0, 'recommend': 0, 'premium': 0.0, 'discount': 0.0, 'extra': 0.0, 'total': 0.0, 'tax': 0.0, 'groupMasterId': 3, 'groupMasterName': 'กลุ่มโรคร้ายแรง', 'riderTypeSMP': 'CARE_PLUS_C', 'selected': False, 'orderNumber': 239, 'moreInfo': [], 'premiumTotalAll': 0.0, 'riderTypeDisplay': 'CARE_PLUS_C'}, {'riderType': 'CARE_PLUS_K', 'required': 0, 'coverageCode': '', 'coverageAS400': '', 'coverageReport': '', 'coverageName': None, 'coverageNameEN': None, 'coverageSumInsuredInput': 0.0, 'coverageSumInsured': 0.0, 'riderNameEn': 'แคร์ พลัส', 'riderNameLocal': 'สัญญาเพิ่มเติม แคร์ พลัส สำหรับไตวายเรื้อรัง', 'compulsory': 0, 'recommend': 0, 'premium': 0.0, 'discount': 0.0, 'extra': 0.0, 'total': 0.0, 'tax': 0.0, 'groupMasterId': 3, 'groupMasterName': 'กลุ่มโรคร้ายแรง', 'riderTypeSMP': 'CARE_PLUS_K', 'selected': False, 'orderNumber': 240, 'moreInfo': [], 'premiumTotalAll': 0.0, 'riderTypeDisplay': 'CARE_PLUS_K'}, {'riderType': 'CARE_PLUS_A', 'required': 0, 'coverageCode': '', 'coverageAS400': '', 'coverageReport': '', 'coverageName': None, 'coverageNameEN': None, 'coverageSumInsuredInput': 0.0, 'coverageSumInsured': 0.0, 'riderNameEn': 'แคร์ พลัส', 'riderNameLocal': 'สัญญาเพิ่มเติม แคร์ พลัส สำหรับโรคมะเร็งและไตวายเรื้อรัง', 'compulsory': 0, 'recommend': 0, 'premium': 0.0, 'discount': 0.0, 'extra': 0.0, 'total': 0.0, 'tax': 0.0, 'groupMasterId': 3, 'groupMasterName': 'กลุ่มโรคร้ายแรง', 'riderTypeSMP': 'CARE_PLUS_A', 'selected': False, 'orderNumber': 241, 'moreInfo': [], 'premiumTotalAll': 0.0, 'riderTypeDisplay': 'CARE_PLUS_A'}], 'coverageYear': 0}</msg>
<status status="PASS" starttime="20230516 17:24:16.276" endtime="20230516 17:24:16.276"/>
</kw>
<kw name="Set Test Variable" library="BuiltIn">
<arg>${response}</arg>
<doc>Makes a variable available everywhere within the scope of the current test.</doc>
<msg timestamp="20230516 17:24:16.276" level="INFO">${response} = &lt;Response [200]&gt;</msg>
<status status="PASS" starttime="20230516 17:24:16.276" endtime="20230516 17:24:16.276"/>
</kw>
<kw name="Set Test Variable" library="BuiltIn">
<arg>${response_json}</arg>
<doc>Makes a variable available everywhere within the scope of the current test.</doc>
<msg timestamp="20230516 17:24:16.277" level="INFO">${response_json} = {'referenceId': 'LHBANK-20230516001680638', 'totalSumInsured': '150000', 'remarkEn': 'Forced buying Elite Health Rider/ บังคับแนบสัญญาเพิ่มเติมการประกันภัยสุขภาพ แบบ อีลิท เฮลท์', 'remarkLocal': 'บังค...</msg>
<status status="PASS" starttime="20230516 17:24:16.276" endtime="20230516 17:24:16.277"/>
</kw>
<status status="PASS" starttime="20230516 17:24:15.985" endtime="20230516 17:24:16.277"/>
</kw>
<doc>test call api to create coverage</doc>
<tag>integration</tag>
<tag>success</tag>
<status status="PASS" starttime="20230516 17:24:15.983" endtime="20230516 17:24:16.277"/>
</test>
<test id="s1-s1-t4" name="TC_004 Success - Open cal premium" line="35">
<kw name="Given Common - Prepare json request" library="common">
<arg>${cal_premium_success}</arg>
<kw name="Common - Convert Dictionary to JSON" library="common">
<arg>${request}</arg>
<kw name="Evaluate" library="BuiltIn">
<var>${source_data}</var>
<arg>json.dumps(${source_data})</arg>
<doc>Evaluates the given expression in Python and returns the result.</doc>
<msg timestamp="20230516 17:24:16.278" level="INFO">${source_data} = {"planCode": "WON206", "paymentMode": "01", "sumInsured": "150000", "birthdate": "08-06-1987", "gender": "M", "occupationCode": "\u0e01006002", "channelId": "LHBANK", "language": "TH", "isTakaful": "0...</msg>
<status status="PASS" starttime="20230516 17:24:16.278" endtime="20230516 17:24:16.278"/>
</kw>
<kw name="Log" library="BuiltIn">
<arg>${source_data}</arg>
<doc>Logs the given message with the given level.</doc>
<msg timestamp="20230516 17:24:16.279" level="INFO">{"planCode": "WON206", "paymentMode": "01", "sumInsured": "150000", "birthdate": "08-06-1987", "gender": "M", "occupationCode": "\u0e01006002", "channelId": "LHBANK", "language": "TH", "isTakaful": "0", "payerAge": "34", "payerGender": "M"}</msg>
<status status="PASS" starttime="20230516 17:24:16.278" endtime="20230516 17:24:16.279"/>
</kw>
<kw name="Set Suite Variable" library="BuiltIn">
<arg>${json_request}</arg>
<arg>${source_data}</arg>
<doc>Makes a variable available everywhere within the scope of the current suite.</doc>
<msg timestamp="20230516 17:24:16.279" level="INFO">${json_request} = {"planCode": "WON206", "paymentMode": "01", "sumInsured": "150000", "birthdate": "08-06-1987", "gender": "M", "occupationCode": "\u0e01006002", "channelId": "LHBANK", "language": "TH", "isTakaful": "0...</msg>
<status status="PASS" starttime="20230516 17:24:16.279" endtime="20230516 17:24:16.279"/>
</kw>
<kw name="Log" library="BuiltIn">
<arg>${json_request}</arg>
<doc>Logs the given message with the given level.</doc>
<msg timestamp="20230516 17:24:16.279" level="INFO">{"planCode": "WON206", "paymentMode": "01", "sumInsured": "150000", "birthdate": "08-06-1987", "gender": "M", "occupationCode": "\u0e01006002", "channelId": "LHBANK", "language": "TH", "isTakaful": "0", "payerAge": "34", "payerGender": "M"}</msg>
<status status="PASS" starttime="20230516 17:24:16.279" endtime="20230516 17:24:16.279"/>
</kw>
<status status="PASS" starttime="20230516 17:24:16.278" endtime="20230516 17:24:16.279"/>
</kw>
<status status="PASS" starttime="20230516 17:24:16.278" endtime="20230516 17:24:16.279"/>
</kw>
<kw name="When API - Post request create coverages" library="cal_premium_api">
<arg>${json_request}</arg>
<kw name="Create Dictionary" library="BuiltIn">
<var>${headers}</var>
<arg>Content-Type=application/json</arg>
<arg>x-api-key=onlinesales-linebk</arg>
<arg>apikey=l77300ed94df894b4193945ee1d8602fbd</arg>
<doc>Creates and returns a dictionary based on the given ``items``.</doc>
<msg timestamp="20230516 17:24:16.280" level="INFO">${headers} = {'Content-Type': 'application/json', 'x-api-key': 'onlinesales-linebk', 'apikey': 'l77300ed94df894b4193945ee1d8602fbd'}</msg>
<status status="PASS" starttime="20230516 17:24:16.280" endtime="20230516 17:24:16.280"/>
</kw>
<kw name="POST" library="RequestsLibrary">
<var>${response}</var>
<arg>url=${base_url}${api_url}</arg>
<arg>data=${request_body}</arg>
<arg>headers=${headers}</arg>
<arg>expected_status=${http_status}</arg>
<doc>Sends a POST request.</doc>
<msg timestamp="20230516 17:24:16.578" level="INFO">POST Request : url=https://mtlgw-uat.muangthai.co.th/sit/api/productcenter/calculate/calculatePremium/generic 
 path_url=/sit/api/productcenter/calculate/calculatePremium/generic 
 headers={'User-Agent': 'python-requests/2.30.0', 'Accept-Encoding': 'gzip, deflate', 'Accept': '*/*', 'Connection': 'keep-alive', 'Content-Type': 'application/json', 'x-api-key': 'onlinesales-linebk', 'apikey': 'l77300ed94df894b4193945ee1d8602fbd', 'Content-Length': '240'} 
 body={"planCode": "WON206", "paymentMode": "01", "sumInsured": "150000", "birthdate": "08-06-1987", "gender": "M", "occupationCode": "\u0e01006002", "channelId": "LHBANK", "language": "TH", "isTakaful": "0", "payerAge": "34", "payerGender": "M"} 
 </msg>
<msg timestamp="20230516 17:24:16.578" level="INFO">POST Response : url=https://mtlgw-uat.muangthai.co.th/sit/api/productcenter/calculate/calculatePremium/generic 
 status=200, reason= 
 headers={'Strict-Transport-Security': 'max-age=31536000; includeSubDomains', 'X-XSS-Protection': '1; mode=block', 'X-Content-Type-Options': 'nosniff', 'Content-Security-Policy': "script-src 'self'", 'X-Frame-Options': 'Deny', 'Content-Encoding': 'gzip', 'Content-Type': 'application/json;charset=utf-8', 'Content-Length': '855', 'Date': 'Tue, 16 May 2023 10:24:16 GMT', 'Keep-Alive': 'timeout=60', 'Connection': 'keep-alive', 'Set-Cookie': 'TS0134fa9b=01aacec67df1774ec319e278a14bf08514e22462f1c72ded8c93aed346ed97bd4e7398166dc7d213546ddd17115c6bc8d97a742e89; Path=/; Domain=.mtlgw-uat.muangthai.co.th'} 
 body={"referenceId":"LHBANK-20230516001680639","totalSumInsured":"150000","remarkEn":"Forced buying Elite Health Rider/ \u0E1A\u0E31\u0E07\u0E04\u0E31\u0E1A\u0E41\u0E19\u0E1A\u0E2A\u0E31\u0E0D\u0E0D\u0E32\u0E40\u0E1E\u0E34\u0E48\u0E21\u0E40\u0E15\u0E34\u0E21\u0E01\u0E32\u0E23\u0E1B\u0E23\u0E30\u0E01\u0E31\u0E19\u0E20\u0E31\u0E22\u0E2A\u0E38\u0E02\u0E20\u0E32\u0E1E \u0E41\u0E1A\u0E1A \u0E2D\u0E35\u0E25\u0E34\u0E17 \u0E40\u0E2E\u0E25\u0E17\u0E4C","remarkLocal":"\u0E1A\u0E31\u0E07\u0E04\u0E31\u0E1A\u0E41\u0E19\u0E1A\u0E2A\u0E31\u0E0D\u0E0D\u0E32\u0E40\u0E1E\u0E34\u0E48\u0E21\u0E40\u0E15\u0E34\u0E21\u0E01\u0E32\u0E23\u0E1B\u0E23\u0E30\u0E01\u0E31\u0E19\u0E20\u0E31\u0E22\u0E2A\u0E38\u0E02\u0E20\u0E32\u0E1E \u0E41\u0E1A\u0E1A \u0E2D\u0E35\u0E25\u0E34\u0E17 \u0E40\u0E2E\u0E25\u0E17\u0E4C","hint":null,"premiumBFDiscount":329.25,"premiumAFDiscount":329.25,"discount":0.00,"extra":26.40,"taxProduct":355.65,"taxRider":0.00,"taxEMB":0.00,"taxCode":"172","tax":0.00,"isTax":0,"total":355.65,"riders":[{"riderType":"ELITE_HEALTH","required":1,"coverageCode":"","coverageAS400":"","coverageReport":"","coverageName":null,"coverageNameEN":null,"coverageSumInsuredInput":0.0,"coverageSumInsured":0.00,"riderNameEn":"Elite Health Plus Rider","riderNameLocal":"\u0E2A\u0E31\u0E0D\u0E0D\u0E32\u0E40\u0E1E\u0E34\u0E48\u0E21\u0E40\u0E15\u0E34\u0E21\u0E01\u0E32\u0E23\u0E1B\u0E23\u0E30\u0E01\u0E31\u0E19\u0E20\u0E31\u0E22\u0E2A\u0E38\u0E02\u0E20\u0E32\u0E1E\u0E41\u0E1A\u0E1A \u0E2D\u0E35\u0E25\u0E34\u0E17 \u0E40\u0E2E\u0E25\u0E17\u0E4C \u0E1E\u0E25\u0E31\u0E2A (Elite Health Plus)","compulsory":0,"recommend":0,"premium":0.00,"discount":0.00,"extra":0.00,"total":0.00,"tax":0.00,"groupMasterId":2,"groupMasterName":"\u0E01\u0E25\u0E38\u0E48\u0E21\u0E2A\u0E38\u0E02\u0E20\u0E32\u0E1E","riderTypeSMP":"ELITE_HEALTH","selected":false,"orderNumber":14,"moreInfo":[],"premiumTotalAll":0.0,"riderTypeDisplay":"ELITE_HEALTH"},{"riderType":"WELL_BEING","required":0,"coverageCode":"","coverageAS400":"","coverageReport":"","coverageName":null,"coverageNameEN":null,"coverageSumInsuredInput":0.0,"coverageSumInsured":0.00,"riderNameEn":"Endorsement of D Plus (Well-Being Plus)","riderNameLocal":"\u0E1A\u0E31\u0E19\u0E17\u0E36\u0E01\u0E2A\u0E25\u0E31\u0E01\u0E2B\u0E25\u0E31\u0E07 \u0E2A\u0E38\u0E02\u0E20\u0E32\u0E1E\u0E14\u0E35 \u0E1E\u0E25\u0E31\u0E2A (Well-Being Plus)","compulsory":0,"recommend":0,"premium":0.00,"discount":0.00,"extra":0.00,"total":0.00,"tax":0.00,"groupMasterId":2,"groupMasterName":"\u0E01\u0E25\u0E38\u0E48\u0E21\u0E2A\u0E38\u0E02\u0E20\u0E32\u0E1E","riderTypeSMP":"WELL_BEING","selected":false,"orderNumber":16,"moreInfo":[],"premiumTotalAll":0.0,"riderTypeDisplay":"WELL_BEING"},{"riderType":"CARE_PLUS_C","required":0,"coverageCode":"","coverageAS400":"","coverageReport":"","coverageName":null,"coverageNameEN":null,"coverageSumInsuredInput":0.0,"coverageSumInsured":0.00,"riderNameEn":"\u0E41\u0E04\u0E23\u0E4C \u0E1E\u0E25\u0E31\u0E2A","riderNameLocal":"\u0E2A\u0E31\u0E0D\u0E0D\u0E32\u0E40\u0E1E\u0E34\u0E48\u0E21\u0E40\u0E15\u0E34\u0E21 \u0E41\u0E04\u0E23\u0E4C \u0E1E\u0E25\u0E31\u0E2A \u0E2A\u0E33\u0E2B\u0E23\u0E31\u0E1A\u0E42\u0E23\u0E04\u0E21\u0E30\u0E40\u0E23\u0E47\u0E07","compulsory":0,"recommend":0,"premium":0.00,"discount":0.00,"extra":0.00,"total":0.00,"tax":0.00,"groupMasterId":3,"groupMasterName":"\u0E01\u0E25\u0E38\u0E48\u0E21\u0E42\u0E23\u0E04\u0E23\u0E49\u0E32\u0E22\u0E41\u0E23\u0E07","riderTypeSMP":"CARE_PLUS_C","selected":false,"orderNumber":239,"moreInfo":[],"premiumTotalAll":0.0,"riderTypeDisplay":"CARE_PLUS_C"},{"riderType":"CARE_PLUS_K","required":0,"coverageCode":"","coverageAS400":"","coverageReport":"","coverageName":null,"coverageNameEN":null,"coverageSumInsuredInput":0.0,"coverageSumInsured":0.00,"riderNameEn":"\u0E41\u0E04\u0E23\u0E4C \u0E1E\u0E25\u0E31\u0E2A","riderNameLocal":"\u0E2A\u0E31\u0E0D\u0E0D\u0E32\u0E40\u0E1E\u0E34\u0E48\u0E21\u0E40\u0E15\u0E34\u0E21 \u0E41\u0E04\u0E23\u0E4C \u0E1E\u0E25\u0E31\u0E2A \u0E2A\u0E33\u0E2B\u0E23\u0E31\u0E1A\u0E44\u0E15\u0E27\u0E32\u0E22\u0E40\u0E23\u0E37\u0E49\u0E2D\u0E23\u0E31\u0E07","compulsory":0,"recommend":0,"premium":0.00,"discount":0.00,"extra":0.00,"total":0.00,"tax":0.00,"groupMasterId":3,"groupMasterName":"\u0E01\u0E25\u0E38\u0E48\u0E21\u0E42\u0E23\u0E04\u0E23\u0E49\u0E32\u0E22\u0E41\u0E23\u0E07","riderTypeSMP":"CARE_PLUS_K","selected":false,"orderNumber":240,"moreInfo":[],"premiumTotalAll":0.0,"riderTypeDisplay":"CARE_PLUS_K"},{"riderType":"CARE_PLUS_A","required":0,"coverageCode":"","coverageAS400":"","coverageReport":"","coverageName":null,"coverageNameEN":null,"coverageSumInsuredInput":0.0,"coverageSumInsured":0.00,"riderNameEn":"\u0E41\u0E04\u0E23\u0E4C \u0E1E\u0E25\u0E31\u0E2A","riderNameLocal":"\u0E2A\u0E31\u0E0D\u0E0D\u0E32\u0E40\u0E1E\u0E34\u0E48\u0E21\u0E40\u0E15\u0E34\u0E21 \u0E41\u0E04\u0E23\u0E4C \u0E1E\u0E25\u0E31\u0E2A \u0E2A\u0E33\u0E2B\u0E23\u0E31\u0E1A\u0E42\u0E23\u0E04\u0E21\u0E30\u0E40\u0E23\u0E47\u0E07\u0E41\u0E25\u0E30\u0E44\u0E15\u0E27\u0E32\u0E22\u0E40\u0E23\u0E37\u0E49\u0E2D\u0E23\u0E31\u0E07","compulsory":0,"recommend":0,"premium":0.00,"discount":0.00,"extra":0.00,"total":0.00,"tax":0.00,"groupMasterId":3,"groupMasterName":"\u0E01\u0E25\u0E38\u0E48\u0E21\u0E42\u0E23\u0E04\u0E23\u0E49\u0E32\u0E22\u0E41\u0E23\u0E07","riderTypeSMP":"CARE_PLUS_A","selected":false,"orderNumber":241,"moreInfo":[],"premiumTotalAll":0.0,"riderTypeDisplay":"CARE_PLUS_A"}],"coverageYear":0} 
 </msg>
<msg timestamp="20230516 17:24:16.578" level="INFO">${response} = &lt;Response [200]&gt;</msg>
<status status="PASS" starttime="20230516 17:24:16.280" endtime="20230516 17:24:16.578"/>
</kw>
<kw name="To Json" library="RequestsLibrary">
<var>${response_json}</var>
<arg>${response.content}</arg>
<doc>*DEPRECATED* Please use ${resp.json()} instead. Have a look at the improved HTML output as pretty printing replacement.</doc>
<msg timestamp="20230516 17:24:16.578" level="WARN">Keyword 'RequestsLibrary.To Json' is deprecated. Please use ${resp.json()} instead. Have a look at the improved HTML output as pretty printing replacement.</msg>
[...]
E07\u0E41\u0E1A\u0E1A\u0E1B\u0E23\u0E30\u0E01\u0E31\u0E19\u0E20\u0E31\u0E22\u0E19\u0E35\u0E49 \u0E2A\u0E32\u0E21\u0E32\u0E23\u0E16\u0E19\u0E33\u0E44\u0E1B\u0E43\u0E0A\u0E49\u0E2A\u0E34\u0E17\u0E18\u0E34\u0E2B\u0E31\u0E01\u0E25\u0E14\u0E2B\u0E22\u0E48\u0E2D\u0E19\u0E20\u0E32\u0E29\u0E35\u0E40\u0E07\u0E34\u0E19\u0E44\u0E14\u0E49\u0E1A\u0E38\u0E04\u0E04\u0E25\u0E18\u0E23\u0E23\u0E21\u0E14\u0E32 \u0E15\u0E32\u0E21\u0E2B\u0E25\u0E31\u0E01\u0E40\u0E01\u0E13\u0E11\u0E4C\u0E17\u0E35\u0E48\u0E01\u0E23\u0E21\u0E2A\u0E23\u0E23\u0E1E\u0E32\u0E01\u0E23\u0E01\u0E33\u0E2B\u0E19\u0E14","remark_local":"\u0E1A\u0E31\u0E07\u0E04\u0E31\u0E1A\u0E41\u0E19\u0E1A\u0E2A\u0E31\u0E0D\u0E0D\u0E32\u0E40\u0E1E\u0E34\u0E48\u0E21\u0E40\u0E15\u0E34\u0E21\u0E01\u0E32\u0E23\u0E1B\u0E23\u0E30\u0E01\u0E31\u0E19\u0E20\u0E31\u0E22\u0E2A\u0E38\u0E02\u0E20\u0E32\u0E1E \u0E41\u0E1A\u0E1A \u0E2D\u0E35\u0E25\u0E34\u0E17 \u0E40\u0E2E\u0E25\u0E17\u0E4C","planNameEn":"LH Bank Elite Health 99/20","planNameLocal":"LH Bank Elite Health 99/20","businessCode":"WON206","planDetail":{"insuranceAgeInfoEn":"18 \u2013 70 years old/\u0E1B\u0E35","insureAgeInfoLocal":"18 \u2013 70 \u0E1B\u0E35","minimumAge":11,"minimumAgeUnit":"Years","maximumAge":70,"maximumAgeUnit":"Years","insurancePeriod":99,"premiumPaymentPeriod":20,"premiumPaymentModeInfoEn":"Monthly / Quarterly / Semiannual / Annual\\r\\n\u0E23\u0E32\u0E22\u0E40\u0E14\u0E37\u0E2D\u0E19 / \u0E23\u0E32\u0E22 3 \u0E40\u0E14\u0E37\u0E2D\u0E19 / \u0E23\u0E32\u0E22 6 \u0E40\u0E14\u0E37\u0E2D\u0E19 / \u0E23\u0E32\u0E22\u0E1B\u0E35","premiumPaymentModeInfoLocal":"\u0E23\u0E32\u0E22\u0E40\u0E14\u0E37\u0E2D\u0E19 / \u0E23\u0E32\u0E22 3 \u0E40\u0E14\u0E37\u0E2D\u0E19 / \u0E23\u0E32\u0E22 6 \u0E40\u0E14\u0E37\u0E2D\u0E19 / \u0E23\u0E32\u0E22\u0E1B\u0E35","paymentMode":[{"id":2,"titleEn":"Monthly","titleLocal":"\u0E23\u0E32\u0E22\u0E40\u0E14\u0E37\u0E2D\u0E19"},{"id":3,"titleEn":"Quarterly","titleLocal":"\u0E23\u0E32\u0E22 3 \u0E40\u0E14\u0E37\u0E2D\u0E19"},{"id":4,"titleEn":"Semiannual","titleLocal":"\u0E23\u0E32\u0E22 6 \u0E40\u0E14\u0E37\u0E2D\u0E19"},{"id":5,"titleEn":"Annual","titleLocal":"\u0E23\u0E32\u0E22\u0E1B\u0E35"}],"isDevidend":false},"minimumSumInsured":150000.00,"planConditionTextEn":"","planConditionTextLocal":"","genderRestrictionEn":"Male, Female","genderRestrictionLocal":"\u0E0A\u0E32\u0E22, \u0E2B\u0E0D\u0E34\u0E07","requireHealthCheck":"YES","requireHealthCheckRemarkEn":"Subject to the Company\u2019s rules / \u0E40\u0E1B\u0E47\u0E19\u0E44\u0E1B\u0E15\u0E32\u0E21\u0E2B\u0E25\u0E31\u0E01\u0E40\u0E01\u0E13\u0E11\u0E4C\u0E02\u0E2D\u0E07\u0E1A\u0E23\u0E34\u0E29\u0E31\u0E17 \u0E2F","requireHealthCheckRemarkLocal":"\u0E40\u0E1B\u0E47\u0E19\u0E44\u0E1B\u0E15\u0E32\u0E21\u0E2B\u0E25\u0E31\u0E01\u0E40\u0E01\u0E13\u0E11\u0E4C\u0E02\u0E2D\u0E07\u0E1A\u0E23\u0E34\u0E29\u0E31\u0E17 \u0E2F","flagCreditPayment":"1","creditPeriodPayment":"0","creditPaymentUnit":"","isDevidend":false,"imageFileTh":"","imageFileEn":""} </msg>
<msg timestamp="20230516 17:24:17.614" level="INFO">To JSON using : pretty_print=False </msg>
<msg timestamp="20230516 17:24:17.614" level="INFO">${response_json} = {'planCode': 'WON206', 'saInfo_en': 'เท่ากับ 150,000 บาท/ The Sum Insured is locked at 150,000 Baht', 'coverTermInfo_en': 'Attaining the age of 99 years / ครบอายุ 99 ปี', 'premiumTermInfo_en': '20 yea...</msg>
<status status="PASS" starttime="20230516 17:24:17.613" endtime="20230516 17:24:17.614"/>
</kw>
<kw name="Log" library="BuiltIn">
<arg>${response_json}</arg>
<doc>Logs the given message with the given level.</doc>
<msg timestamp="20230516 17:24:17.614" level="INFO">{'planCode': 'WON206', 'saInfo_en': 'เท่ากับ 150,000 บาท/ The Sum Insured is locked at 150,000 Baht', 'coverTermInfo_en': 'Attaining the age of 99 years / ครบอายุ 99 ปี', 'premiumTermInfo_en': '20 years', 'isCreditPayment_en': 'Yes', 'hasRider_en': 'Able to purchase / เลือกซื้อสัญญาเพิ่มเติมได้', 'isTaxReduce_en': 'Premium of this insurance plan is entitled to personal income tax deduction according to the Revenue Department. / เบี้ยประกันภัยของแบบประกันภัยนี้ สามารถนำไปใช้สิทธิหักลดหย่อนภาษีเงินได้บุคคลธรรมดา ตามหลักเกณฑ์ที่กรมสรรพากรกำหนด', 'remark_en': 'Forced buying Elite Health Rider/ บังคับแนบสัญญาเพิ่มเติมการประกันภัยสุขภาพ แบบ อีลิท เฮลท์', 'saInfo_local': 'เท่ากับ 150,000 บาท', 'coverTermInfo_local': 'ครบอายุ 99 ปี', 'premiumTermInfo_local': '20 ปี', 'isCreditPayment_local': 'มี', 'hasRider_local': 'เลือกซื้อสัญญาเพิ่มเติมได้', 'isTaxReduce_local': 'เบี้ยประกันภัยของแบบประกันภัยนี้ สามารถนำไปใช้สิทธิหักลดหย่อนภาษีเงินได้บุคคลธรรมดา ตามหลักเกณฑ์ที่กรมสรรพากรกำหนด', 'remark_local': 'บังคับแนบสัญญาเพิ่มเติมการประกันภัยสุขภาพ แบบ อีลิท เฮลท์', 'planNameEn': 'LH Bank Elite Health 99/20', 'planNameLocal': 'LH Bank Elite Health 99/20', 'businessCode': 'WON206', 'planDetail': {'insuranceAgeInfoEn': '18 – 70 years old/ปี', 'insureAgeInfoLocal': '18 – 70 ปี', 'minimumAge': 11, 'minimumAgeUnit': 'Years', 'maximumAge': 70, 'maximumAgeUnit': 'Years', 'insurancePeriod': 99, 'premiumPaymentPeriod': 20, 'premiumPaymentModeInfoEn': 'Monthly / Quarterly / Semiannual / Annual\\r\\nรายเดือน / ราย 3 เดือน / ราย 6 เดือน / รายปี', 'premiumPaymentModeInfoLocal': 'รายเดือน / ราย 3 เดือน / ราย 6 เดือน / รายปี', 'paymentMode': [{'id': 2, 'titleEn': 'Monthly', 'titleLocal': 'รายเดือน'}, {'id': 3, 'titleEn': 'Quarterly', 'titleLocal': 'ราย 3 เดือน'}, {'id': 4, 'titleEn': 'Semiannual', 'titleLocal': 'ราย 6 เดือน'}, {'id': 5, 'titleEn': 'Annual', 'titleLocal': 'รายปี'}], 'isDevidend': False}, 'minimumSumInsured': 150000.0, 'planConditionTextEn': '', 'planConditionTextLocal': '', 'genderRestrictionEn': 'Male, Female', 'genderRestrictionLocal': 'ชาย, หญิง', 'requireHealthCheck': 'YES', 'requireHealthCheckRemarkEn': 'Subject to the Company’s rules / เป็นไปตามหลักเกณฑ์ของบริษัท ฯ', 'requireHealthCheckRemarkLocal': 'เป็นไปตามหลักเกณฑ์ของบริษัท ฯ', 'flagCreditPayment': '1', 'creditPeriodPayment': '0', 'creditPaymentUnit': '', 'isDevidend': False, 'imageFileTh': '', 'imageFileEn': ''}</msg>
<status status="PASS" starttime="20230516 17:24:17.614" endtime="20230516 17:24:17.614"/>
</kw>
<kw name="Set Test Variable" library="BuiltIn">
<arg>${response}</arg>
<doc>Makes a variable available everywhere within the scope of the current test.</doc>
<msg timestamp="20230516 17:24:17.615" level="INFO">${response} = &lt;Response [200]&gt;</msg>
<status status="PASS" starttime="20230516 17:24:17.614" endtime="20230516 17:24:17.615"/>
</kw>
<kw name="Set Test Variable" library="BuiltIn">
<arg>${response_json}</arg>
<doc>Makes a variable available everywhere within the scope of the current test.</doc>
<msg timestamp="20230516 17:24:17.615" level="INFO">${response_json} = {'planCode': 'WON206', 'saInfo_en': 'เท่ากับ 150,000 บาท/ The Sum Insured is locked at 150,000 Baht', 'coverTermInfo_en': 'Attaining the age of 99 years / ครบอายุ 99 ปี', 'premiumTermInfo_en': '20 yea...</msg>
<status status="PASS" starttime="20230516 17:24:17.615" endtime="20230516 17:24:17.615"/>
</kw>
<status status="PASS" starttime="20230516 17:24:17.401" endtime="20230516 17:24:17.615"/>
</kw>
<doc>test call api to get plan benefit</doc>
<tag>integration</tag>
<tag>success</tag>
<status status="PASS" starttime="20230516 17:24:17.397" endtime="20230516 17:24:17.615"/>
</test>
<status status="FAIL" starttime="20230516 17:24:15.291" endtime="20230516 17:24:17.616"/>
</suite>
<doc>[https://pabot.org/?ref=log|Pabot] result from 2 executions.</doc>
<status status="FAIL" starttime="20230516 17:24:15.286" endtime="20230516 17:24:21.387"/>
</suite>
<statistics>
<total>
<stat pass="34" fail="12" skip="0">All Tests</stat>
</total>
<tag>
<stat pass="34" fail="12" skip="0">integration</stat>
<stat pass="34" fail="12" skip="0">success</stat>
</tag>
<suite>
<stat pass="34" fail="12" skip="0" id="s1" name="Test Cases">Test Cases</stat>
<stat pass="23" fail="0" skip="0" id="s1-s1" name="Example">Test Cases.Example</stat>
<stat pass="11" fail="12" skip="0" id="s1-s2" name="Example Parallel">Test Cases.Example Parallel</stat>
</suite>
</statistics>
<errors>
<msg timestamp="20230516 17:24:15.322" level="ERROR">Error in file '/Users/mtb730889/Project/poc-robot-structure/keywords/api/cal_premium_api.robot' on line 5: Replacing variables from setting 'Resource' failed: Variable '${env}' not found.</msg>
<msg timestamp="20230516 17:24:15.341" level="ERROR">Error in file '/Users/mtb730889/Project/poc-robot-structure/import.robot' on line 11: Invalid resource file extension '.yaml'. Supported extensions are '.resource', '.robot', '.txt', '.tsv', '.rst' and '.rest'.</msg>
<msg timestamp="20230516 17:24:15.341" level="WARN">Imported resource file '/Users/mtb730889/Project/poc-robot-structure/resources/api.robot' is empty.</msg>
<msg timestamp="20230516 17:24:15.341" level="WARN">Imported resource file '/Users/mtb730889/Project/poc-robot-structure/resources/database.robot' is empty.</msg>
<msg timestamp="20230516 17:24:15.692" level="WARN">Keyword 'RequestsLibrary.To Json' is deprecated. Please use ${resp.json()} instead. Have a look at the improved HTML output as pretty printing replacement.</msg>
<msg timestamp="20230516 17:24:15.981" level="WARN">Keyword 'RequestsLibrary.To Json' is deprecated. Please use ${resp.json()} instead. Have a look at the improved HTML output as pretty printing replacement.</msg>
<msg timestamp="20230516 17:24:16.274" level="WARN">Keyword 'RequestsLibrary.To Json' is deprecated. Please use ${resp.json()} instead. Have a look at the improved HTML output as pretty printing replacement.</msg>
<msg timestamp="20230516 17:24:16.578" level="WARN">Keyword 'RequestsLibrary.To Json' is deprecated. Please use ${resp.json()} instead. Have a look at the improved HTML output as pretty printing replacement.</msg>
<msg timestamp="20230516 17:24:16.885" level="WARN">Keyword 'RequestsLibrary.To Json' is deprecated. Please use ${resp.json()} instead. Have a look at the improved HTML output as pretty printing replacement.</msg>
<msg timestamp="20230516 17:24:17.189" level="WARN">Keyword 'RequestsLibrary.To Json' is deprecated. Please use ${resp.json()} instead. Have a look at the improved HTML output as pretty printing replacement.</msg>
<msg timestamp="20230516 17:24:17.482" level="WARN">Keyword 'RequestsLibrary.To Json' is deprecated. Please use ${resp.json()} instead. Have a look at the improved HTML output as pretty printing replacement.</msg>
<msg timestamp="20230516 17:24:17.778" level="WARN">Keyword 'RequestsLibrary.To Json' is deprecated. Please use ${resp.json()} instead. Have a look at the improved HTML output as pretty printing replacement.</msg>
<msg timestamp="20230516 17:24:18.093" level="WARN">Keyword 'RequestsLibrary.To Json' is deprecated. Please use ${resp.json()} instead. Have a look at the improved HTML output as pretty printing replacement.</msg>
<msg timestamp="20230516 17:24:18.413" level="WARN">Keyword 'RequestsLibrary.To Json' is deprecated. Please use ${resp.json()} instead. Have a look at the improved HTML output as pretty printing replacement.</msg>
<msg timestamp="20230516 17:24:18.720" level="WARN">Keyword 'RequestsLibrary.To Json' is deprecated. Please use ${resp.json()} instead. Have a look at the improved HTML output as pretty printing replacement.</msg>
<msg timestamp="20230516 17:24:19.041" level="WARN">Keyword 'RequestsLibrary.To Json' is deprecated. Please use ${resp.json()} instead. Have a look at the improved HTML output as pretty printing replacement.</msg>
<msg timestamp="20230516 17:24:19.248" level="WARN">Keyword 'RequestsLibrary.To Json' is deprecated. Please use ${resp.json()} instead. Have a look at the improved HTML output as pretty printing replacement.</msg>
<msg timestamp="20230516 17:24:19.453" level="WARN">Keyword 'RequestsLibrary.To Json' is deprecated. Please use ${resp.json()} instead. Have a look at the improved HTML output as pretty printing replacement.</msg>
<msg timestamp="20230516 17:24:19.667" level="WARN">Keyword 'RequestsLibrary.To Json' is deprecated. Please use ${resp.json()} instead. Have a look at the improved HTML output as pretty printing replacement.</msg>
<msg timestamp="20230516 17:24:19.881" level="WARN">Keyword 'RequestsLibrary.To Json' is deprecated. Please use ${resp.json()} instead. Have a look at the improved HTML output as pretty printing replacement.</msg>
<msg timestamp="20230516 17:24:20.094" level="WARN">Keyword 'RequestsLibrary.To Json' is deprecated. Please use ${resp.json()} instead. Have a look at the improved HTML output as pretty printing replacement.</msg>
<msg timestamp="20230516 17:24:20.299" level="WARN">Keyword 'RequestsLibrary.To Json' is deprecated. Please use ${resp.json()} instead. Have a look at the improved HTML output as pretty printing replacement.</msg>
<msg timestamp="20230516 17:24:20.501" level="WARN">Keyword 'RequestsLibrary.To Json' is deprecated. Please use ${resp.json()} instead. Have a look at the improved HTML output as pretty printing replacement.</msg>
<msg timestamp="20230516 17:24:20.730" level="WARN">Keyword 'RequestsLibrary.To Json' is deprecated. Please use ${resp.json()} instead. Have a look at the improved HTML output as pretty printing replacement.</msg>
<msg timestamp="20230516 17:24:20.933" level="WARN">Keyword 'RequestsLibrary.To Json' is deprecated. Please use ${resp.json()} instead. Have a look at the improved HTML output as pretty printing replacement.</msg>
<msg timestamp="20230516 17:24:21.139" level="WARN">Keyword 'RequestsLibrary.To Json' is deprecated. Please use ${resp.json()} instead. Have a look at the improved HTML output as pretty printing replacement.</msg>
<msg timestamp="20230516 17:24:21.382" level="WARN">Keyword 'RequestsLibrary.To Json' is deprecated. Please use ${resp.json()} instead. Have a look at the improved HTML output as pretty printing replacement.</msg>
<msg timestamp="20230516 17:24:15.322" level="ERROR">Error in file '/Users/mtb730889/Project/poc-robot-structure/keywords/api/cal_premium_api.robot' on line 5: Replacing variables from setting 'Resource' failed: Variable '${env}' not found.</msg>
<msg timestamp="20230516 17:24:15.341" level="ERROR">Error in file '/Users/mtb730889/Project/poc-robot-structure/import.robot' on line 11: Invalid resource file extension '.yaml'. Supported extensions are '.resource', '.robot', '.txt', '.tsv', '.rst' and '.rest'.</msg>
<msg timestamp="20230516 17:24:15.341" level="WARN">Imported resource file '/Users/mtb730889/Project/poc-robot-structure/resources/api.robot' is empty.</msg>
<msg timestamp="20230516 17:24:15.341" level="WARN">Imported resource file '/Users/mtb730889/Project/poc-robot-structure/resources/database.robot' is empty.</msg>
<msg timestamp="20230516 17:24:15.347" level="WARN" html="true">Test '&lt;a onclick="makeElementVisible('s1-s1-t1')" href="#s1-s1-t1" title="Link to details"&gt;TC_001 Success - Open cal premium&lt;/a&gt;' has been retried 1 times (max: 1).</msg>
<msg timestamp="20230516 17:24:15.348" level="WARN" html="true">Test '&lt;a onclick="makeElementVisible('s1-s1-t2')" href="#s1-s1-t2" title="Link to details"&gt;TC_002 Success - Open cal premium&lt;/a&gt;' has been retried 1 times (max: 1).</msg>
<msg timestamp="20230516 17:24:15.350" level="WARN" html="true">Test '&lt;a onclick="makeElementVisible('s1-s1-t3')" href="#s1-s1-t3" title="Link to details"&gt;TC_003 Success - Open cal premium&lt;/a&gt;' has been retried 1 times (max: 1).</msg>
<msg timestamp="20230516 17:24:15.352" level="WARN" html="true">Test '&lt;a onclick="makeElementVisible('s1-s1-t4')" href="#s1-s1-t4" title="Link to details"&gt;TC_004 Success - Open cal premium&lt;/a&gt;' has been retried 1 times (max: 1).</msg>
<msg timestamp="20230516 17:24:15.353" level="WARN" html="true">Test '&lt;a onclick="makeElementVisible('s1-s1-t5')" href="#s1-s1-t5" title="Link to details"&gt;TC_005 Success - Open cal premium&lt;/a&gt;' has been retried 1 times (max: 1).</msg>
<msg timestamp="20230516 17:24:15.354" level="WARN" html="true">Test '&lt;a onclick="makeElementVisible('s1-s1-t6')" href="#s1-s1-t6" title="Link to details"&gt;TC_006 Success - Open cal premium&lt;/a&gt;' has been retried 1 times (max: 1).</msg>
<msg timestamp="20230516 17:24:15.356" level="WARN" html="true">Test '&lt;a onclick="makeElementVisible('s1-s1-t7')" href="#s1-s1-t7" title="Link to details"&gt;TC_007 Success - Open cal premium&lt;/a&gt;' has been retried 1 times (max: 1).</msg>
<msg timestamp="20230516 17:24:15.357" level="WARN" html="true">Test '&lt;a onclick="makeElementVisible('s1-s1-t8')" href="#s1-s1-t8" title="Link to details"&gt;TC_008 Success - Open cal premium&lt;/a&gt;' has been retried 1 times (max: 1).</msg>
<msg timestamp="20230516 17:24:15.359" level="WARN" html="true">Test '&lt;a onclick="makeElementVisible('s1-s1-t9')" href="#s1-s1-t9" title="Link to details"&gt;TC_009 Success - Open cal premium&lt;/a&gt;' has been retried 1 times (max: 1).</msg>
<msg timestamp="20230516 17:24:15.360" level="WARN" html="true">Test '&lt;a onclick="makeElementVisible('s1-s1-t10')" href="#s1-s1-t10" title="Link to details"&gt;TC_010 Success - Open cal premium&lt;/a&gt;' has been retried 1 times (max: 1).</msg>
<msg timestamp="20230516 17:24:15.362" level="WARN" html="true">Test '&lt;a onclick="makeElementVisible('s1-s1-t11')" href="#s1-s1-t11" title="Link to details"&gt;TC_011 Success - Open cal premium&lt;/a&gt;' has been retried 1 times (max: 1).</msg>
<msg timestamp="20230516 17:24:15.363" level="WARN" html="true">Test '&lt;a onclick="makeElementVisible('s1-s1-t12')" href="#s1-s1-t12" title="Link to details"&gt;TC_012 Success - Open cal premium&lt;/a&gt;' has been retried 1 times (max: 1).</msg>
<msg timestamp="20230516 17:24:15.593" level="WARN">Keyword 'RequestsLibrary.To Json' is deprecated. Please use ${resp.json()} instead. Have a look at the improved HTML output as pretty printing replacement.</msg>
<msg timestamp="20230516 17:24:15.776" level="WARN">Keyword 'RequestsLibrary.To Json' is deprecated. Please use ${resp.json()} instead. Have a look at the improved HTML output as pretty printing replacement.</msg>
<msg timestamp="20230516 17:24:15.972" level="WARN">Keyword 'RequestsLibrary.To Json' is deprecated. Please use ${resp.json()} instead. Have a look at the improved HTML output as pretty printing replacement.</msg>
<msg timestamp="20230516 17:24:16.185" level="WARN">Keyword 'RequestsLibrary.To Json' is deprecated. Please use ${resp.json()} instead. Have a look at the improved HTML output as pretty printing replacement.</msg>
<msg timestamp="20230516 17:24:16.368" level="WARN">Keyword 'RequestsLibrary.To Json' is deprecated. Please use ${resp.json()} instead. Have a look at the improved HTML output as pretty printing replacement.</msg>
<msg timestamp="20230516 17:24:16.574" level="WARN">Keyword 'RequestsLibrary.To Json' is deprecated. Please use ${resp.json()} instead. Have a look at the improved HTML output as pretty printing replacement.</msg>
<msg timestamp="20230516 17:24:16.773" level="WARN">Keyword 'RequestsLibrary.To Json' is deprecated. Please use ${resp.json()} instead. Have a look at the improved HTML output as pretty printing replacement.</msg>
<msg timestamp="20230516 17:24:16.998" level="WARN">Keyword 'RequestsLibrary.To Json' is deprecated. Please use ${resp.json()} instead. Have a look at the improved HTML output as pretty printing replacement.</msg>
<msg timestamp="20230516 17:24:17.190" level="WARN">Keyword 'RequestsLibrary.To Json' is deprecated. Please use ${resp.json()} instead. Have a look at the improved HTML output as pretty printing replacement.</msg>
<msg timestamp="20230516 17:24:17.393" level="WARN">Keyword 'RequestsLibrary.To Json' is deprecated. Please use ${resp.json()} instead. Have a look at the improved HTML output as pretty printing replacement.</msg>
<msg timestamp="20230516 17:24:17.613" level="WARN">Keyword 'RequestsLibrary.To Json' is deprecated. Please use ${resp.json()} instead. Have a look at the improved HTML output as pretty printing replacement.</msg>
</errors>
</robot>
